<?xml version="1.0" encoding="utf-16"?>
<ShowPlanXML xmlns:xsi="http://www.w3.org/2001/XMLSchema-instance" xmlns:xsd="http://www.w3.org/2001/XMLSchema" Version="1.518" Build="13.0.5216.0" xmlns="http://schemas.microsoft.com/sqlserver/2004/07/showplan">
  <BatchSequence>
    <Batch>
      <Statements>
        <StmtSimple StatementCompId="1" StatementEstRows="144038" StatementId="2" StatementOptmLevel="FULL" CardinalityEstimationModelVersion="130" StatementSubTreeCost="1602.03" StatementText="select cast(CONVERT(datetime, DATEADD(hour, 5, t.DateOn)) as date) AS 'Дата'&#xD;&#xA;, t.ExternalTransactionId as 'Идентификатор'&#xD;&#xA;, ttp.FullName as 'Направление'&#xD;&#xA;,cb.NameRus as 'Банк-Получатель'&#xD;&#xA;,db.NameRus as 'Банк-Отправитель'&#xD;&#xA;,  CASE when (refId.value is not null and refId.value!=t.ExternalTransactionId) and t.EndToEndId='C2CPush' then 'Me2MePull' else t.EndToEndId end 'Операция'&#xD;&#xA;, ts.ShortName as 'Статус'&#xD;&#xA;--, replace(replace(tex.Details, CHAR(10), ''),CHAR(13),'')  as 'Результат проверки получателя'&#xD;&#xA;--, replace(replace(tex2.Details, CHAR(10), ''),CHAR(13),'') as 'Итог'&#xD;&#xA;, mccc.Value as 'MCC'&#xD;&#xA;, mccc.Description as 'Описание MCC-кода'&#xD;&#xA;, cat.Description as 'Категория'&#xD;&#xA;, format(tro.Amount/100, 'F', 'ru-RU') as 'Сумма по операции'&#xD;&#xA;, format(cms.Value/100, 'F', 'ru-RU') as 'Полученная комиссия ТСП'&#xD;&#xA;, format(mbv.Value/100, 'F', 'ru-RU')as 'Уплаченное МБВ'&#xD;&#xA;, format(psbr.Value/100, 'F', 'ru-RU') as 'Уплаченная комиссия БР'&#xD;&#xA;, creditor.Value as 'Получатель'&#xD;&#xA;, tro.CreditorId as 'ИД qr-кода'&#xD;&#xA;,  CASE when t.EndToEndId like 'C2B%' then tro.DebitorId  else '' end 'Отправитель'&#xD;&#xA;from Transactions t&#xD;&#xA;LEFT join Types ts on ts.Id = t.StateId&#xD;&#xA;LEFT join Types tt on tt.Id = t.TypeId&#xD;&#xA;left join Types ttp on ttp.Id = tt.ParentId&#xD;&#xA;left join TransactionOrders tro on tro.TransactionId = t.Id&#xD;&#xA;left join Banks db on db.Id = t.DebitorBankId&#xD;&#xA;left join TransactionParameters debitor on debitor.TransactionId = t.Id and debitor.TypeId = 'd76d3399-a694-4087-bd59-610ebcb5bdc6'&#xD;&#xA;left join Banks cb on cb.Id = t.CreditorBankId&#xD;&#xA;left join TransactionParameters creditor on creditor.TransactionId = t.Id and creditor.TypeId = 'C901A5E7-897C-48D9-BE88-03E7DACBAD87'--'5025305c-aafb-4915-a47d-ed25bbc8a2e6'&#xD;&#xA;left join TransactionParameters mcc on mcc.TransactionId = t.Id and mcc.TypeId = '3e4d5401-e1db-47d6-a3b9-192c9641767d'&#xD;&#xA;left join TransactionParameters cms on cms.TransactionId = t.Id and cms.TypeId = '5BD1BDF5-E846-46E3-B2C6-DC8C64265B9C' -- расчетный размер комиссии с тсп&#xD;&#xA;left join TransactionParameters mbv on mbv.TransactionId = t.Id and mbv.TypeId = '7218C168-88BA-4C6D-970E-1588CCC379DA' --Расчетный размер комиссии МБВ&#xD;&#xA;left join TransactionParameters psbr on psbr.TransactionId = t.Id and psbr.TypeId = '7D430D40-94A6-4F8E-A217-EF9A3D30FABC' --Расчетный размер комиссии ПС БР&#xD;&#xA;left join TransactionParameters refId on refId.TransactionId = t.Id and refId.TypeId = '449886BD-E5B0-462E-8936-1D2C5A1E2DAE'&#xD;&#xA;left join MccCodes mccc on mccc.Value = mcc.Value&#xD;&#xA;left join Categories cat on cat.Id = mccc.CategoryId&#xD;&#xA;left join TransactionExecutions tex on tro.TransactionId=tex.TransactionId and tex.TypeId='DA5A0F7F-C423-4476-B6AB-7CF8D18A3E54'&#xD;&#xA;left join TransactionExecutions tex2 on tro.TransactionId=tex2.TransactionId and tex2.TypeId='6F61D017-3227-472E-8F08-BE42D0CC1CBB'&#xD;&#xA;--join TransactionParameters tpc on tpc.TransactionId = t.Id and tpc.TypeId = '7d430d40-94a6-4f8e-a217-ef9a3d30fabc'&#xD;&#xA;--join TransactionExecutions te on te.TransactionId = t.Id&#xD;&#xA;where&#xD;&#xA;t.DateOn &gt;= '2023-02-01' and t.DateOn &lt;= '2023-02-02'&#xD;&#xA;--CONVERT(date, DATEADD(hour, 3, t.DateOn)) &gt;= CONVERT(date, '01.03.2023') and CONVERT(date, DATEADD(hour, 3, t.DateOn)) &lt;= CONVERT(date, '01.03.2023')&#xD;&#xA;--$__timeFilter(t.DateOn)&#xD;&#xA;AND ts.Id = '092032A6-0473-4438-8AF1-BA042DDCCA0A'" StatementType="SELECT" QueryHash="0x88954C806A58D58B" QueryPlanHash="0x5F9D23F94F2094A7" RetrievedFromCache="false" StatementSqlHandle="0x09005E1C6FC9101CA7F08DA068E9E5B191720000000000000000000000000000000000000000000000000000" DatabaseContextSettingsId="3" ParentObjectId="0" StatementParameterizationType="0" SecurityPolicyApplied="false">
          <StatementSetOptions ANSI_NULLS="true" ANSI_PADDING="true" ANSI_WARNINGS="true" ARITHABORT="true" CONCAT_NULL_YIELDS_NULL="true" NUMERIC_ROUNDABORT="false" QUOTED_IDENTIFIER="true" />
          <QueryPlan DegreeOfParallelism="1" MemoryGrant="798056" CachedPlanSize="584" CompileTime="100" CompileCPU="100" CompileMemory="4304">
            <MissingIndexes>
              <MissingIndexGroup Impact="27.0405">
                <MissingIndex Database="[FastPayment_Root]" Schema="[dbo]" Table="[TransactionExecutions]">
                  <ColumnGroup Usage="EQUALITY">
                    <Column Name="[TypeId]" ColumnId="2" />
                  </ColumnGroup>
                  <ColumnGroup Usage="INCLUDE">
                    <Column Name="[TransactionId]" ColumnId="6" />
                  </ColumnGroup>
                </MissingIndex>
              </MissingIndexGroup>
              <MissingIndexGroup Impact="26.4951">
                <MissingIndex Database="[FastPayment_Root]" Schema="[dbo]" Table="[TransactionExecutions]">
                  <ColumnGroup Usage="EQUALITY">
                    <Column Name="[TypeId]" ColumnId="2" />
                  </ColumnGroup>
                  <ColumnGroup Usage="INCLUDE">
                    <Column Name="[TransactionId]" ColumnId="6" />
                  </ColumnGroup>
                </MissingIndex>
              </MissingIndexGroup>
            </MissingIndexes>
            <Warnings>
              <PlanAffectingConvert ConvertIssue="Cardinality Estimate" Expression="CONVERT_IMPLICIT(int,[cms].[Value],0)" />
              <PlanAffectingConvert ConvertIssue="Cardinality Estimate" Expression="CONVERT_IMPLICIT(int,[mbv].[Value],0)" />
              <PlanAffectingConvert ConvertIssue="Cardinality Estimate" Expression="CONVERT_IMPLICIT(int,[psbr].[Value],0)" />
              <MemoryGrantWarning GrantWarningKind="Excessive Grant" RequestedMemory="798056" GrantedMemory="798056" MaxUsedMemory="38080" />
            </Warnings>
            <MemoryGrantInfo SerialRequiredMemory="8192" SerialDesiredMemory="798056" RequiredMemory="8192" DesiredMemory="798056" RequestedMemory="798056" GrantWaitTime="0" GrantedMemory="798056" MaxUsedMemory="38080" MaxQueryMemory="3495104" />
            <OptimizerHardwareDependentProperties EstimatedAvailableMemoryGrant="174762" EstimatedPagesCached="131072" EstimatedAvailableDegreeOfParallelism="4" MaxCompileMemory="14104192" />
            <RelOp AvgRowSize="48402" EstimateCPU="0.0144038" EstimateIO="0" EstimateRebinds="0" EstimateRewinds="0" EstimatedExecutionMode="Row" EstimateRows="144038" LogicalOp="Compute Scalar" NodeId="0" Parallel="false" PhysicalOp="Compute Scalar" EstimatedTotalSubtreeCost="1602.03">
              <OutputList>
                <ColumnReference Database="[FastPayment_Root]" Schema="[dbo]" Table="[Transactions]" Alias="[t]" Column="ExternalTransactionId" />
                <ColumnReference Database="[FastPayment_Root]" Schema="[dbo]" Table="[Types]" Alias="[ts]" Column="ShortName" />
                <ColumnReference Database="[FastPayment_Root]" Schema="[dbo]" Table="[Types]" Alias="[ttp]" Column="FullName" />
                <ColumnReference Database="[FastPayment_Root]" Schema="[dbo]" Table="[TransactionOrders]" Alias="[tro]" Column="CreditorId" />
                <ColumnReference Database="[FastPayment_Root]" Schema="[dbo]" Table="[Banks]" Alias="[db]" Column="NameRus" />
                <ColumnReference Database="[FastPayment_Root]" Schema="[dbo]" Table="[Banks]" Alias="[cb]" Column="NameRus" />
                <ColumnReference Database="[FastPayment_Root]" Schema="[dbo]" Table="[TransactionParameters]" Alias="[creditor]" Column="Value" />
                <ColumnReference Database="[FastPayment_Root]" Schema="[dbo]" Table="[MccCodes]" Alias="[mccc]" Column="Value" />
                <ColumnReference Database="[FastPayment_Root]" Schema="[dbo]" Table="[MccCodes]" Alias="[mccc]" Column="Description" />
                <ColumnReference Database="[FastPayment_Root]" Schema="[dbo]" Table="[Categories]" Alias="[cat]" Column="Description" />
                <ColumnReference Column="Expr1018" />
                <ColumnReference Column="Expr1019" />
                <ColumnReference Column="Expr1020" />
                <ColumnReference Column="Expr1021" />
                <ColumnReference Column="Expr1022" />
                <ColumnReference Column="Expr1023" />
                <ColumnReference Column="Expr1024" />
              </OutputList>
              <ComputeScalar>
                <DefinedValues>
                  <DefinedValue>
                    <ColumnReference Column="Expr1019" />
                    <ScalarOperator ScalarString="CASE WHEN [FastPayment_Root].[dbo].[TransactionParameters].[Value] as [refId].[Value] IS NOT NULL AND [FastPayment_Root].[dbo].[TransactionParameters].[Value] as [refId].[Value]&lt;&gt;[FastPayment_Root].[dbo].[Transactions].[ExternalTransactionId] as [t].[ExternalTransactionId] AND [FastPayment_Root].[dbo].[Transactions].[EndToEndId] as [t].[EndToEndId]=N'C2CPush' THEN CONVERT_IMPLICIT(nvarchar(max),'Me2MePull',0) ELSE [FastPayment_Root].[dbo].[Transactions].[EndToEndId] as [t].[EndToEndId] END">
                      <IF>
                        <Condition>
                          <ScalarOperator>
                            <Logical Operation="AND">
                              <ScalarOperator>
                                <Compare CompareOp="IS NOT">
                                  <ScalarOperator>
                                    <Identifier>
                                      <ColumnReference Database="[FastPayment_Root]" Schema="[dbo]" Table="[TransactionParameters]" Alias="[refId]" Column="Value" />
                                    </Identifier>
                                  </ScalarOperator>
                                  <ScalarOperator>
                                    <Const ConstValue="NULL" />
                                  </ScalarOperator>
                                </Compare>
                              </ScalarOperator>
                              <ScalarOperator>
                                <Compare CompareOp="NE">
                                  <ScalarOperator>
                                    <Identifier>
                                      <ColumnReference Database="[FastPayment_Root]" Schema="[dbo]" Table="[TransactionParameters]" Alias="[refId]" Column="Value" />
                                    </Identifier>
                                  </ScalarOperator>
                                  <ScalarOperator>
                                    <Identifier>
                                      <ColumnReference Database="[FastPayment_Root]" Schema="[dbo]" Table="[Transactions]" Alias="[t]" Column="ExternalTransactionId" />
                                    </Identifier>
                                  </ScalarOperator>
                                </Compare>
                              </ScalarOperator>
                              <ScalarOperator>
                                <Compare CompareOp="EQ">
                                  <ScalarOperator>
                                    <Identifier>
                                      <ColumnReference Database="[FastPayment_Root]" Schema="[dbo]" Table="[Transactions]" Alias="[t]" Column="EndToEndId" />
                                    </Identifier>
                                  </ScalarOperator>
                                  <ScalarOperator>
                                    <Const ConstValue="N'C2CPush'" />
                                  </ScalarOperator>
                                </Compare>
                              </ScalarOperator>
                            </Logical>
                          </ScalarOperator>
                        </Condition>
                        <Then>
                          <ScalarOperator>
                            <Convert DataType="nvarchar(max)" Length="2147483647" Style="0" Implicit="true">
                              <ScalarOperator>
                                <Const ConstValue="'Me2MePull'" />
                              </ScalarOperator>
                            </Convert>
                          </ScalarOperator>
                        </Then>
                        <Else>
                          <ScalarOperator>
                            <Identifier>
                              <ColumnReference Database="[FastPayment_Root]" Schema="[dbo]" Table="[Transactions]" Alias="[t]" Column="EndToEndId" />
                            </Identifier>
                          </ScalarOperator>
                        </Else>
                      </IF>
                    </ScalarOperator>
                  </DefinedValue>
                  <DefinedValue>
                    <ColumnReference Column="Expr1024" />
                    <ScalarOperator ScalarString="CASE WHEN [FastPayment_Root].[dbo].[Transactions].[EndToEndId] as [t].[EndToEndId] like N'C2B%' THEN [FastPayment_Root].[dbo].[TransactionOrders].[DebitorId] as [tro].[DebitorId] ELSE N'' END">
                      <IF>
                        <Condition>
                          <ScalarOperator>
                            <Intrinsic FunctionName="like">
                              <ScalarOperator>
                                <Identifier>
                                  <ColumnReference Database="[FastPayment_Root]" Schema="[dbo]" Table="[Transactions]" Alias="[t]" Column="EndToEndId" />
                                </Identifier>
                              </ScalarOperator>
                              <ScalarOperator>
                                <Const ConstValue="N'C2B%'" />
                              </ScalarOperator>
                            </Intrinsic>
                          </ScalarOperator>
                        </Condition>
                        <Then>
                          <ScalarOperator>
                            <Identifier>
                              <ColumnReference Database="[FastPayment_Root]" Schema="[dbo]" Table="[TransactionOrders]" Alias="[tro]" Column="DebitorId" />
                            </Identifier>
                          </ScalarOperator>
                        </Then>
                        <Else>
                          <ScalarOperator>
                            <Const ConstValue="N''" />
                          </ScalarOperator>
                        </Else>
                      </IF>
                    </ScalarOperator>
                  </DefinedValue>
                </DefinedValues>
                <RelOp AvgRowSize="52428" EstimateCPU="3.85905" EstimateIO="0" EstimateRebinds="0" EstimateRewinds="0" EstimatedExecutionMode="Row" EstimateRows="144038" LogicalOp="Right Outer Join" NodeId="1" Parallel="false" PhysicalOp="Hash Match" EstimatedTotalSubtreeCost="1602.01">
                  <OutputList>
                    <ColumnReference Database="[FastPayment_Root]" Schema="[dbo]" Table="[Transactions]" Alias="[t]" Column="ExternalTransactionId" />
                    <ColumnReference Database="[FastPayment_Root]" Schema="[dbo]" Table="[Transactions]" Alias="[t]" Column="EndToEndId" />
                    <ColumnReference Database="[FastPayment_Root]" Schema="[dbo]" Table="[Types]" Alias="[ts]" Column="ShortName" />
                    <ColumnReference Database="[FastPayment_Root]" Schema="[dbo]" Table="[Types]" Alias="[ttp]" Column="FullName" />
                    <ColumnReference Database="[FastPayment_Root]" Schema="[dbo]" Table="[TransactionOrders]" Alias="[tro]" Column="DebitorId" />
                    <ColumnReference Database="[FastPayment_Root]" Schema="[dbo]" Table="[TransactionOrders]" Alias="[tro]" Column="CreditorId" />
                    <ColumnReference Database="[FastPayment_Root]" Schema="[dbo]" Table="[Banks]" Alias="[db]" Column="NameRus" />
                    <ColumnReference Database="[FastPayment_Root]" Schema="[dbo]" Table="[Banks]" Alias="[cb]" Column="NameRus" />
                    <ColumnReference Database="[FastPayment_Root]" Schema="[dbo]" Table="[TransactionParameters]" Alias="[creditor]" Column="Value" />
                    <ColumnReference Database="[FastPayment_Root]" Schema="[dbo]" Table="[TransactionParameters]" Alias="[refId]" Column="Value" />
                    <ColumnReference Database="[FastPayment_Root]" Schema="[dbo]" Table="[MccCodes]" Alias="[mccc]" Column="Value" />
                    <ColumnReference Database="[FastPayment_Root]" Schema="[dbo]" Table="[MccCodes]" Alias="[mccc]" Column="Description" />
                    <ColumnReference Database="[FastPayment_Root]" Schema="[dbo]" Table="[Categories]" Alias="[cat]" Column="Description" />
                    <ColumnReference Column="Expr1018" />
                    <ColumnReference Column="Expr1020" />
                    <ColumnReference Column="Expr1021" />
                    <ColumnReference Column="Expr1022" />
                    <ColumnReference Column="Expr1023" />
                  </OutputList>
                  <MemoryFractions Input="0.102094" Output="0.102094" />
                  <RunTimeInformation>
                    <RunTimeCountersPerThread Thread="0" ActualRows="30276" Batches="0" ActualEndOfScans="1" ActualExecutions="1" ActualExecutionMode="Row" ActualElapsedms="3687" ActualCPUms="3637" ActualScans="0" ActualLogicalReads="0" ActualPhysicalReads="0" ActualReadAheads="0" ActualLobLogicalReads="0" ActualLobPhysicalReads="0" ActualLobReadAheads="0" InputMemoryGrant="81664" OutputMemoryGrant="81664" UsedMemoryGrant="9544" />
                  </RunTimeInformation>
                  <Hash>
                    <DefinedValues />
                    <HashKeysBuild>
                      <ColumnReference Database="[FastPayment_Root]" Schema="[dbo]" Table="[TransactionExecutions]" Alias="[tex2]" Column="TransactionId" />
                    </HashKeysBuild>
                    <HashKeysProbe>
                      <ColumnReference Database="[FastPayment_Root]" Schema="[dbo]" Table="[TransactionOrders]" Alias="[tro]" Column="TransactionId" />
                    </HashKeysProbe>
                    <ProbeResidual>
                      <ScalarOperator ScalarString="[FastPayment_Root].[dbo].[TransactionOrders].[TransactionId] as [tro].[TransactionId]=[FastPayment_Root].[dbo].[TransactionExecutions].[TransactionId] as [tex2].[TransactionId]">
                        <Compare CompareOp="EQ">
                          <ScalarOperator>
                            <Identifier>
                              <ColumnReference Database="[FastPayment_Root]" Schema="[dbo]" Table="[TransactionOrders]" Alias="[tro]" Column="TransactionId" />
                            </Identifier>
                          </ScalarOperator>
                          <ScalarOperator>
                            <Identifier>
                              <ColumnReference Database="[FastPayment_Root]" Schema="[dbo]" Table="[TransactionExecutions]" Alias="[tex2]" Column="TransactionId" />
                            </Identifier>
                          </ScalarOperator>
                        </Compare>
                      </ScalarOperator>
                    </ProbeResidual>
                    <RelOp AvgRowSize="23" EstimateCPU="0.591707" EstimateIO="0" EstimateRebinds="0" EstimateRewinds="0" EstimatedExecutionMode="Row" EstimateRows="141557" LogicalOp="Inner Join" NodeId="2" Parallel="false" PhysicalOp="Nested Loops" EstimatedTotalSubtreeCost="433.458">
                      <OutputList>
                        <ColumnReference Database="[FastPayment_Root]" Schema="[dbo]" Table="[TransactionExecutions]" Alias="[tex2]" Column="TransactionId" />
                      </OutputList>
                      <RunTimeInformation>
                        <RunTimeCountersPerThread Thread="0" ActualRows="149277" Batches="0" ActualEndOfScans="1" ActualExecutions="1" ActualExecutionMode="Row" ActualElapsedms="729" ActualCPUms="729" />
                      </RunTimeInformation>
                      <NestedLoops Optimized="false" WithUnorderedPrefetch="true">
                        <OuterReferences>
                          <ColumnReference Database="[FastPayment_Root]" Schema="[dbo]" Table="[TransactionExecutions]" Alias="[tex2]" Column="Id" />
                          <ColumnReference Column="Expr1025" />
                        </OuterReferences>
                        <RelOp AvgRowSize="23" EstimateCPU="0.155869" EstimateIO="0.73076" EstimateRebinds="0" EstimateRewinds="0" EstimatedExecutionMode="Row" EstimateRows="141557" LogicalOp="Index Seek" NodeId="4" Parallel="false" PhysicalOp="Index Seek" EstimatedTotalSubtreeCost="0.886629" TableCardinality="106284000">
                          <OutputList>
                            <ColumnReference Database="[FastPayment_Root]" Schema="[dbo]" Table="[TransactionExecutions]" Alias="[tex2]" Column="Id" />
                          </OutputList>
                          <RunTimeInformation>
                            <RunTimeCountersPerThread Thread="0" ActualRows="149277" ActualRowsRead="149277" Batches="0" ActualEndOfScans="1" ActualExecutions="1" ActualExecutionMode="Row" ActualElapsedms="35" ActualCPUms="35" ActualScans="1" ActualLogicalReads="1367" ActualPhysicalReads="0" ActualReadAheads="0" ActualLobLogicalReads="0" ActualLobPhysicalReads="0" ActualLobReadAheads="0" />
                          </RunTimeInformation>
                          <IndexScan Ordered="true" ScanDirection="FORWARD" ForcedIndex="false" ForceSeek="false" ForceScan="false" NoExpandHint="false" Storage="RowStore">
                            <DefinedValues>
                              <DefinedValue>
                                <ColumnReference Database="[FastPayment_Root]" Schema="[dbo]" Table="[TransactionExecutions]" Alias="[tex2]" Column="Id" />
                              </DefinedValue>
                            </DefinedValues>
                            <Object Database="[FastPayment_Root]" Schema="[dbo]" Table="[TransactionExecutions]" Index="[IX_FK_TypeTransactionExecution]" Alias="[tex2]" IndexKind="NonClustered" Storage="RowStore" />
                            <SeekPredicates>
                              <SeekPredicateNew>
                                <SeekKeys>
                                  <Prefix ScanType="EQ">
                                    <RangeColumns>
                                      <ColumnReference Database="[FastPayment_Root]" Schema="[dbo]" Table="[TransactionExecutions]" Alias="[tex2]" Column="TypeId" />
                                    </RangeColumns>
                                    <RangeExpressions>
                                      <ScalarOperator ScalarString="{guid'6F61D017-3227-472E-8F08-BE42D0CC1CBB'}">
                                        <Const ConstValue="{guid'6F61D017-3227-472E-8F08-BE42D0CC1CBB'}" />
                                      </ScalarOperator>
                                    </RangeExpressions>
                                  </Prefix>
                                </SeekKeys>
                              </SeekPredicateNew>
                            </SeekPredicates>
                          </IndexScan>
                        </RelOp>
                        <RelOp AvgRowSize="23" EstimateCPU="0.0001581" EstimateIO="0.003125" EstimateRebinds="141556" EstimateRewinds="0" EstimatedExecutionMode="Row" EstimateRows="1" LogicalOp="Clustered Index Seek" NodeId="6" Parallel="false" PhysicalOp="Clustered Index Seek" EstimatedTotalSubtreeCost="431.98" TableCardinality="106284000">
                          <OutputList>
                            <ColumnReference Database="[FastPayment_Root]" Schema="[dbo]" Table="[TransactionExecutions]" Alias="[tex2]" Column="TransactionId" />
                          </OutputList>
                          <RunTimeInformation>
                            <RunTimeCountersPerThread Thread="0" ActualRows="149277" ActualRowsRead="149277" Batches="0" ActualEndOfScans="0" ActualExecutions="149277" ActualExecutionMode="Row" ActualElapsedms="617" ActualCPUms="617" ActualScans="0" ActualLogicalReads="569094" ActualPhysicalReads="0" ActualReadAheads="0" ActualLobLogicalReads="0" ActualLobPhysicalReads="0" ActualLobReadAheads="0" />
                          </RunTimeInformation>
                          <IndexScan Lookup="true" Ordered="true" ScanDirection="FORWARD" ForcedIndex="false" ForceSeek="false" ForceScan="false" NoExpandHint="false" Storage="RowStore">
                            <DefinedValues>
                              <DefinedValue>
                                <ColumnReference Database="[FastPayment_Root]" Schema="[dbo]" Table="[TransactionExecutions]" Alias="[tex2]" Column="TransactionId" />
                              </DefinedValue>
                            </DefinedValues>
                            <Object Database="[FastPayment_Root]" Schema="[dbo]" Table="[TransactionExecutions]" Index="[PK_TransactionExecutions]" Alias="[tex2]" TableReferenceId="-1" IndexKind="Clustered" Storage="RowStore" />
                            <SeekPredicates>
                              <SeekPredicateNew>
                                <SeekKeys>
                                  <Prefix ScanType="EQ">
                                    <RangeColumns>
                                      <ColumnReference Database="[FastPayment_Root]" Schema="[dbo]" Table="[TransactionExecutions]" Alias="[tex2]" Column="Id" />
                                    </RangeColumns>
                                    <RangeExpressions>
                                      <ScalarOperator ScalarString="[FastPayment_Root].[dbo].[TransactionExecutions].[Id] as [tex2].[Id]">
                                        <Identifier>
                                          <ColumnReference Database="[FastPayment_Root]" Schema="[dbo]" Table="[TransactionExecutions]" Alias="[tex2]" Column="Id" />
                                        </Identifier>
                                      </ScalarOperator>
                                    </RangeExpressions>
                                  </Prefix>
                                </SeekKeys>
                              </SeekPredicateNew>
                            </SeekPredicates>
                          </IndexScan>
                        </RelOp>
                      </NestedLoops>
                    </RelOp>
                    <RelOp AvgRowSize="52444" EstimateCPU="4.63607" EstimateIO="0" EstimateRebinds="0" EstimateRewinds="0" EstimatedExecutionMode="Row" EstimateRows="85184.5" LogicalOp="Right Outer Join" NodeId="7" Parallel="false" PhysicalOp="Hash Match" EstimatedTotalSubtreeCost="1164.7">
                      <OutputList>
                        <ColumnReference Database="[FastPayment_Root]" Schema="[dbo]" Table="[Transactions]" Alias="[t]" Column="ExternalTransactionId" />
                        <ColumnReference Database="[FastPayment_Root]" Schema="[dbo]" Table="[Transactions]" Alias="[t]" Column="EndToEndId" />
                        <ColumnReference Database="[FastPayment_Root]" Schema="[dbo]" Table="[Types]" Alias="[ts]" Column="ShortName" />
                        <ColumnReference Database="[FastPayment_Root]" Schema="[dbo]" Table="[Types]" Alias="[ttp]" Column="FullName" />
                        <ColumnReference Database="[FastPayment_Root]" Schema="[dbo]" Table="[TransactionOrders]" Alias="[tro]" Column="DebitorId" />
                        <ColumnReference Database="[FastPayment_Root]" Schema="[dbo]" Table="[TransactionOrders]" Alias="[tro]" Column="CreditorId" />
                        <ColumnReference Database="[FastPayment_Root]" Schema="[dbo]" Table="[TransactionOrders]" Alias="[tro]" Column="TransactionId" />
                        <ColumnReference Database="[FastPayment_Root]" Schema="[dbo]" Table="[Banks]" Alias="[db]" Column="NameRus" />
                        <ColumnReference Database="[FastPayment_Root]" Schema="[dbo]" Table="[Banks]" Alias="[cb]" Column="NameRus" />
                        <ColumnReference Database="[FastPayment_Root]" Schema="[dbo]" Table="[TransactionParameters]" Alias="[creditor]" Column="Value" />
                        <ColumnReference Database="[FastPayment_Root]" Schema="[dbo]" Table="[TransactionParameters]" Alias="[refId]" Column="Value" />
                        <ColumnReference Database="[FastPayment_Root]" Schema="[dbo]" Table="[MccCodes]" Alias="[mccc]" Column="Value" />
                        <ColumnReference Database="[FastPayment_Root]" Schema="[dbo]" Table="[MccCodes]" Alias="[mccc]" Column="Description" />
                        <ColumnReference Database="[FastPayment_Root]" Schema="[dbo]" Table="[Categories]" Alias="[cat]" Column="Description" />
                        <ColumnReference Column="Expr1018" />
                        <ColumnReference Column="Expr1020" />
                        <ColumnReference Column="Expr1021" />
                        <ColumnReference Column="Expr1022" />
                        <ColumnReference Column="Expr1023" />
                      </OutputList>
                      <MemoryFractions Input="0.0988626" Output="0.0988626" />
                      <RunTimeInformation>
                        <RunTimeCountersPerThread Thread="0" ActualRows="30276" Batches="0" ActualEndOfScans="1" ActualExecutions="1" ActualExecutionMode="Row" ActualElapsedms="2841" ActualCPUms="2792" ActualScans="0" ActualLogicalReads="0" ActualPhysicalReads="0" ActualReadAheads="0" ActualLobLogicalReads="0" ActualLobPhysicalReads="0" ActualLobReadAheads="0" InputMemoryGrant="79112" OutputMemoryGrant="79112" UsedMemoryGrant="12088" />
                      </RunTimeInformation>
                      <Hash>
                        <DefinedValues />
                        <HashKeysBuild>
                          <ColumnReference Database="[FastPayment_Root]" Schema="[dbo]" Table="[TransactionExecutions]" Alias="[tex]" Column="TransactionId" />
                        </HashKeysBuild>
                        <HashKeysProbe>
                          <ColumnReference Database="[FastPayment_Root]" Schema="[dbo]" Table="[TransactionOrders]" Alias="[tro]" Column="TransactionId" />
                        </HashKeysProbe>
                        <ProbeResidual>
                          <ScalarOperator ScalarString="[FastPayment_Root].[dbo].[TransactionOrders].[TransactionId] as [tro].[TransactionId]=[FastPayment_Root].[dbo].[TransactionExecutions].[TransactionId] as [tex].[TransactionId]">
                            <Compare CompareOp="EQ">
                              <ScalarOperator>
                                <Identifier>
                                  <ColumnReference Database="[FastPayment_Root]" Schema="[dbo]" Table="[TransactionOrders]" Alias="[tro]" Column="TransactionId" />
                                </Identifier>
                              </ScalarOperator>
                              <ScalarOperator>
                                <Identifier>
                                  <ColumnReference Database="[FastPayment_Root]" Schema="[dbo]" Table="[TransactionExecutions]" Alias="[tex]" Column="TransactionId" />
                                </Identifier>
                              </ScalarOperator>
                            </Compare>
                          </ScalarOperator>
                        </ProbeResidual>
                        <RelOp AvgRowSize="23" EstimateCPU="0.808418" EstimateIO="0" EstimateRebinds="0" EstimateRewinds="0" EstimatedExecutionMode="Row" EstimateRows="193401" LogicalOp="Inner Join" NodeId="8" Parallel="false" PhysicalOp="Nested Loops" EstimatedTotalSubtreeCost="442.196">
                          <OutputList>
                            <ColumnReference Database="[FastPayment_Root]" Schema="[dbo]" Table="[TransactionExecutions]" Alias="[tex]" Column="TransactionId" />
                          </OutputList>
                          <RunTimeInformation>
                            <RunTimeCountersPerThread Thread="0" ActualRows="199985" Batches="0" ActualEndOfScans="1" ActualExecutions="1" ActualExecutionMode="Row" ActualElapsedms="882" ActualCPUms="882" />
                          </RunTimeInformation>
                          <NestedLoops Optimized="false" WithUnorderedPrefetch="true">
                            <OuterReferences>
                              <ColumnReference Database="[FastPayment_Root]" Schema="[dbo]" Table="[TransactionExecutions]" Alias="[tex]" Column="Id" />
                              <ColumnReference Column="Expr1026" />
                            </OuterReferences>
                            <RelOp AvgRowSize="23" EstimateCPU="0.212899" EstimateIO="0.997525" EstimateRebinds="0" EstimateRewinds="0" EstimatedExecutionMode="Row" EstimateRows="193401" LogicalOp="Index Seek" NodeId="10" Parallel="false" PhysicalOp="Index Seek" EstimatedTotalSubtreeCost="1.21042" TableCardinality="106284000">
                              <OutputList>
                                <ColumnReference Database="[FastPayment_Root]" Schema="[dbo]" Table="[TransactionExecutions]" Alias="[tex]" Column="Id" />
                              </OutputList>
                              <RunTimeInformation>
                                <RunTimeCountersPerThread Thread="0" ActualRows="199985" ActualRowsRead="199985" Batches="0" ActualEndOfScans="1" ActualExecutions="1" ActualExecutionMode="Row" ActualElapsedms="42" ActualCPUms="42" ActualScans="1" ActualLogicalReads="1843" ActualPhysicalReads="0" ActualReadAheads="0" ActualLobLogicalReads="0" ActualLobPhysicalReads="0" ActualLobReadAheads="0" />
                              </RunTimeInformation>
                              <IndexScan Ordered="true" ScanDirection="FORWARD" ForcedIndex="false" ForceSeek="false" ForceScan="false" NoExpandHint="false" Storage="RowStore">
                                <DefinedValues>
                                  <DefinedValue>
                                    <ColumnReference Database="[FastPayment_Root]" Schema="[dbo]" Table="[TransactionExecutions]" Alias="[tex]" Column="Id" />
                                  </DefinedValue>
                                </DefinedValues>
                                <Object Database="[FastPayment_Root]" Schema="[dbo]" Table="[TransactionExecutions]" Index="[IX_FK_TypeTransactionExecution]" Alias="[tex]" IndexKind="NonClustered" Storage="RowStore" />
                                <SeekPredicates>
                                  <SeekPredicateNew>
                                    <SeekKeys>
                                      <Prefix ScanType="EQ">
                                        <RangeColumns>
                                          <ColumnReference Database="[FastPayment_Root]" Schema="[dbo]" Table="[TransactionExecutions]" Alias="[tex]" Column="TypeId" />
                                        </RangeColumns>
                                        <RangeExpressions>
                                          <ScalarOperator ScalarString="{guid'DA5A0F7F-C423-4476-B6AB-7CF8D18A3E54'}">
                                            <Const ConstValue="{guid'DA5A0F7F-C423-4476-B6AB-7CF8D18A3E54'}" />
                                          </ScalarOperator>
                                        </RangeExpressions>
                                      </Prefix>
                                    </SeekKeys>
                                  </SeekPredicateNew>
                                </SeekPredicates>
                              </IndexScan>
                            </RelOp>
                            <RelOp AvgRowSize="23" EstimateCPU="0.0001581" EstimateIO="0.003125" EstimateRebinds="193400" EstimateRewinds="0" EstimatedExecutionMode="Row" EstimateRows="1" LogicalOp="Clustered Index Seek" NodeId="12" Parallel="false" PhysicalOp="Clustered Index Seek" EstimatedTotalSubtreeCost="440.177" TableCardinality="106284000">
                              <OutputList>
                                <ColumnReference Database="[FastPayment_Root]" Schema="[dbo]" Table="[TransactionExecutions]" Alias="[tex]" Column="TransactionId" />
                              </OutputList>
                              <RunTimeInformation>
                                <RunTimeCountersPerThread Thread="0" ActualRows="199985" ActualRowsRead="199985" Batches="0" ActualEndOfScans="0" ActualExecutions="199985" ActualExecutionMode="Row" ActualElapsedms="744" ActualCPUms="743" ActualScans="0" ActualLogicalReads="762416" ActualPhysicalReads="0" ActualReadAheads="0" ActualLobLogicalReads="0" ActualLobPhysicalReads="0" ActualLobReadAheads="0" />
                              </RunTimeInformation>
                              <IndexScan Lookup="true" Ordered="true" ScanDirection="FORWARD" ForcedIndex="false" ForceSeek="false" ForceScan="false" NoExpandHint="false" Storage="RowStore">
                                <DefinedValues>
                                  <DefinedValue>
                                    <ColumnReference Database="[FastPayment_Root]" Schema="[dbo]" Table="[TransactionExecutions]" Alias="[tex]" Column="TransactionId" />
                                  </DefinedValue>
                                </DefinedValues>
                                <Object Database="[FastPayment_Root]" Schema="[dbo]" Table="[TransactionExecutions]" Index="[PK_TransactionExecutions]" Alias="[tex]" TableReferenceId="-1" IndexKind="Clustered" Storage="RowStore" />
                                <SeekPredicates>
                                  <SeekPredicateNew>
                                    <SeekKeys>
                                      <Prefix ScanType="EQ">
                                        <RangeColumns>
                                          <ColumnReference Database="[FastPayment_Root]" Schema="[dbo]" Table="[TransactionExecutions]" Alias="[tex]" Column="Id" />
                                        </RangeColumns>
                                        <RangeExpressions>
                                          <ScalarOperator ScalarString="[FastPayment_Root].[dbo].[TransactionExecutions].[Id] as [tex].[Id]">
                                            <Identifier>
                                              <ColumnReference Database="[FastPayment_Root]" Schema="[dbo]" Table="[TransactionExecutions]" Alias="[tex]" Column="Id" />
                                            </Identifier>
                                          </ScalarOperator>
                                        </RangeExpressions>
                                      </Prefix>
                                    </SeekKeys>
                                  </SeekPredicateNew>
                                </SeekPredicates>
                              </IndexScan>
                            </RelOp>
                          </NestedLoops>
                        </RelOp>
                        <RelOp AvgRowSize="52444" EstimateCPU="0.355914" EstimateIO="0" EstimateRebinds="0" EstimateRewinds="0" EstimatedExecutionMode="Row" EstimateRows="40049.2" LogicalOp="Right Outer Join" NodeId="13" Parallel="false" PhysicalOp="Hash Match" EstimatedTotalSubtreeCost="717.866">
                          <OutputList>
                            <ColumnReference Database="[FastPayment_Root]" Schema="[dbo]" Table="[Transactions]" Alias="[t]" Column="ExternalTransactionId" />
                            <ColumnReference Database="[FastPayment_Root]" Schema="[dbo]" Table="[Transactions]" Alias="[t]" Column="EndToEndId" />
                            <ColumnReference Database="[FastPayment_Root]" Schema="[dbo]" Table="[Types]" Alias="[ts]" Column="ShortName" />
                            <ColumnReference Database="[FastPayment_Root]" Schema="[dbo]" Table="[Types]" Alias="[ttp]" Column="FullName" />
                            <ColumnReference Database="[FastPayment_Root]" Schema="[dbo]" Table="[TransactionOrders]" Alias="[tro]" Column="DebitorId" />
                            <ColumnReference Database="[FastPayment_Root]" Schema="[dbo]" Table="[TransactionOrders]" Alias="[tro]" Column="CreditorId" />
                            <ColumnReference Database="[FastPayment_Root]" Schema="[dbo]" Table="[TransactionOrders]" Alias="[tro]" Column="TransactionId" />
                            <ColumnReference Database="[FastPayment_Root]" Schema="[dbo]" Table="[Banks]" Alias="[db]" Column="NameRus" />
                            <ColumnReference Database="[FastPayment_Root]" Schema="[dbo]" Table="[Banks]" Alias="[cb]" Column="NameRus" />
                            <ColumnReference Database="[FastPayment_Root]" Schema="[dbo]" Table="[TransactionParameters]" Alias="[creditor]" Column="Value" />
                            <ColumnReference Database="[FastPayment_Root]" Schema="[dbo]" Table="[TransactionParameters]" Alias="[refId]" Column="Value" />
                            <ColumnReference Database="[FastPayment_Root]" Schema="[dbo]" Table="[MccCodes]" Alias="[mccc]" Column="Value" />
                            <ColumnReference Database="[FastPayment_Root]" Schema="[dbo]" Table="[MccCodes]" Alias="[mccc]" Column="Description" />
                            <ColumnReference Database="[FastPayment_Root]" Schema="[dbo]" Table="[Categories]" Alias="[cat]" Column="Description" />
                            <ColumnReference Column="Expr1018" />
                            <ColumnReference Column="Expr1020" />
                            <ColumnReference Column="Expr1021" />
                            <ColumnReference Column="Expr1022" />
                            <ColumnReference Column="Expr1023" />
                          </OutputList>
                          <MemoryFractions Input="0.00294734" Output="0.00294734" />
                          <RunTimeInformation>
                            <RunTimeCountersPerThread Thread="0" ActualRows="30276" Batches="0" ActualEndOfScans="1" ActualExecutions="1" ActualExecutionMode="Row" ActualElapsedms="1802" ActualCPUms="1753" ActualScans="0" ActualLogicalReads="0" ActualPhysicalReads="0" ActualReadAheads="0" ActualLobLogicalReads="0" ActualLobPhysicalReads="0" ActualLobReadAheads="0" InputMemoryGrant="3352" OutputMemoryGrant="3352" UsedMemoryGrant="496" />
                          </RunTimeInformation>
                          <Hash>
                            <DefinedValues />
                            <HashKeysBuild>
                              <ColumnReference Database="[FastPayment_Root]" Schema="[dbo]" Table="[Categories]" Alias="[cat]" Column="Id" />
                            </HashKeysBuild>
                            <HashKeysProbe>
                              <ColumnReference Database="[FastPayment_Root]" Schema="[dbo]" Table="[MccCodes]" Alias="[mccc]" Column="CategoryId" />
                            </HashKeysProbe>
                            <ProbeResidual>
                              <ScalarOperator ScalarString="[FastPayment_Root].[dbo].[Categories].[Id] as [cat].[Id]=[FastPayment_Root].[dbo].[MccCodes].[CategoryId] as [mccc].[CategoryId]">
                                <Compare CompareOp="EQ">
                                  <ScalarOperator>
                                    <Identifier>
                                      <ColumnReference Database="[FastPayment_Root]" Schema="[dbo]" Table="[Categories]" Alias="[cat]" Column="Id" />
                                    </Identifier>
                                  </ScalarOperator>
                                  <ScalarOperator>
                                    <Identifier>
                                      <ColumnReference Database="[FastPayment_Root]" Schema="[dbo]" Table="[MccCodes]" Alias="[mccc]" Column="CategoryId" />
                                    </Identifier>
                                  </ScalarOperator>
                                </Compare>
                              </ScalarOperator>
                            </ProbeResidual>
                            <RelOp AvgRowSize="4051" EstimateCPU="0.0001702" EstimateIO="0.003125" EstimateRebinds="0" EstimateRewinds="0" EstimatedExecutionMode="Row" EstimateRows="12" LogicalOp="Clustered Index Scan" NodeId="14" Parallel="false" PhysicalOp="Clustered Index Scan" EstimatedTotalSubtreeCost="0.0032952" TableCardinality="12">
                              <OutputList>
                                <ColumnReference Database="[FastPayment_Root]" Schema="[dbo]" Table="[Categories]" Alias="[cat]" Column="Id" />
                                <ColumnReference Database="[FastPayment_Root]" Schema="[dbo]" Table="[Categories]" Alias="[cat]" Column="Description" />
                              </OutputList>
                              <RunTimeInformation>
                                <RunTimeCountersPerThread Thread="0" ActualRows="12" ActualRowsRead="12" Batches="0" ActualEndOfScans="1" ActualExecutions="1" ActualExecutionMode="Row" ActualElapsedms="0" ActualCPUms="0" ActualScans="1" ActualLogicalReads="3" ActualPhysicalReads="0" ActualReadAheads="0" ActualLobLogicalReads="0" ActualLobPhysicalReads="0" ActualLobReadAheads="0" />
                              </RunTimeInformation>
                              <IndexScan Ordered="false" ForcedIndex="false" ForceScan="false" NoExpandHint="false" Storage="RowStore">
                                <DefinedValues>
                                  <DefinedValue>
                                    <ColumnReference Database="[FastPayment_Root]" Schema="[dbo]" Table="[Categories]" Alias="[cat]" Column="Id" />
                                  </DefinedValue>
                                  <DefinedValue>
                                    <ColumnReference Database="[FastPayment_Root]" Schema="[dbo]" Table="[Categories]" Alias="[cat]" Column="Description" />
                                  </DefinedValue>
                                </DefinedValues>
                                <Object Database="[FastPayment_Root]" Schema="[dbo]" Table="[Categories]" Index="[PK_Categories]" Alias="[cat]" IndexKind="Clustered" Storage="RowStore" />
                              </IndexScan>
                            </RelOp>
                            <RelOp AvgRowSize="48434" EstimateCPU="5.28633" EstimateIO="0" EstimateRebinds="0" EstimateRewinds="0" EstimatedExecutionMode="Row" EstimateRows="40049.2" LogicalOp="Right Outer Join" NodeId="15" Parallel="false" PhysicalOp="Hash Match" EstimatedTotalSubtreeCost="717.506">
                              <OutputList>
                                <ColumnReference Database="[FastPayment_Root]" Schema="[dbo]" Table="[Transactions]" Alias="[t]" Column="ExternalTransactionId" />
                                <ColumnReference Database="[FastPayment_Root]" Schema="[dbo]" Table="[Transactions]" Alias="[t]" Column="EndToEndId" />
                                <ColumnReference Database="[FastPayment_Root]" Schema="[dbo]" Table="[Types]" Alias="[ts]" Column="ShortName" />
                                <ColumnReference Database="[FastPayment_Root]" Schema="[dbo]" Table="[Types]" Alias="[ttp]" Column="FullName" />
                                <ColumnReference Database="[FastPayment_Root]" Schema="[dbo]" Table="[TransactionOrders]" Alias="[tro]" Column="DebitorId" />
                                <ColumnReference Database="[FastPayment_Root]" Schema="[dbo]" Table="[TransactionOrders]" Alias="[tro]" Column="CreditorId" />
                                <ColumnReference Database="[FastPayment_Root]" Schema="[dbo]" Table="[TransactionOrders]" Alias="[tro]" Column="TransactionId" />
                                <ColumnReference Database="[FastPayment_Root]" Schema="[dbo]" Table="[Banks]" Alias="[db]" Column="NameRus" />
                                <ColumnReference Database="[FastPayment_Root]" Schema="[dbo]" Table="[Banks]" Alias="[cb]" Column="NameRus" />
                                <ColumnReference Database="[FastPayment_Root]" Schema="[dbo]" Table="[TransactionParameters]" Alias="[creditor]" Column="Value" />
                                <ColumnReference Database="[FastPayment_Root]" Schema="[dbo]" Table="[TransactionParameters]" Alias="[refId]" Column="Value" />
                                <ColumnReference Database="[FastPayment_Root]" Schema="[dbo]" Table="[MccCodes]" Alias="[mccc]" Column="CategoryId" />
                                <ColumnReference Database="[FastPayment_Root]" Schema="[dbo]" Table="[MccCodes]" Alias="[mccc]" Column="Value" />
                                <ColumnReference Database="[FastPayment_Root]" Schema="[dbo]" Table="[MccCodes]" Alias="[mccc]" Column="Description" />
                                <ColumnReference Column="Expr1018" />
                                <ColumnReference Column="Expr1020" />
                                <ColumnReference Column="Expr1021" />
                                <ColumnReference Column="Expr1022" />
                                <ColumnReference Column="Expr1023" />
                              </OutputList>
                              <MemoryFractions Input="0.0570326" Output="0.0570326" />
                              <RunTimeInformation>
                                <RunTimeCountersPerThread Thread="0" ActualRows="30276" Batches="0" ActualEndOfScans="1" ActualExecutions="1" ActualExecutionMode="Row" ActualElapsedms="1791" ActualCPUms="1742" ActualScans="0" ActualLogicalReads="0" ActualPhysicalReads="0" ActualReadAheads="0" ActualLobLogicalReads="0" ActualLobPhysicalReads="0" ActualLobReadAheads="0" InputMemoryGrant="46072" OutputMemoryGrant="46072" UsedMemoryGrant="640" />
                              </RunTimeInformation>
                              <Hash>
                                <DefinedValues />
                                <HashKeysBuild>
                                  <ColumnReference Database="[FastPayment_Root]" Schema="[dbo]" Table="[MccCodes]" Alias="[mccc]" Column="Value" />
                                </HashKeysBuild>
                                <HashKeysProbe>
                                  <ColumnReference Database="[FastPayment_Root]" Schema="[dbo]" Table="[TransactionParameters]" Alias="[mcc]" Column="Value" />
                                </HashKeysProbe>
                                <ProbeResidual>
                                  <ScalarOperator ScalarString="[FastPayment_Root].[dbo].[MccCodes].[Value] as [mccc].[Value]=[FastPayment_Root].[dbo].[TransactionParameters].[Value] as [mcc].[Value]">
                                    <Compare CompareOp="EQ">
                                      <ScalarOperator>
                                        <Identifier>
                                          <ColumnReference Database="[FastPayment_Root]" Schema="[dbo]" Table="[MccCodes]" Alias="[mccc]" Column="Value" />
                                        </Identifier>
                                      </ScalarOperator>
                                      <ScalarOperator>
                                        <Identifier>
                                          <ColumnReference Database="[FastPayment_Root]" Schema="[dbo]" Table="[TransactionParameters]" Alias="[mcc]" Column="Value" />
                                        </Identifier>
                                      </ScalarOperator>
                                    </Compare>
                                  </ScalarOperator>
                                </ProbeResidual>
                                <RelOp AvgRowSize="4121" EstimateCPU="0.0011657" EstimateIO="0.0134954" EstimateRebinds="0" EstimateRewinds="0" EstimatedExecutionMode="Row" EstimateRows="917" LogicalOp="Clustered Index Scan" NodeId="16" Parallel="false" PhysicalOp="Clustered Index Scan" EstimatedTotalSubtreeCost="0.0146611" TableCardinality="917">
                                  <OutputList>
                                    <ColumnReference Database="[FastPayment_Root]" Schema="[dbo]" Table="[MccCodes]" Alias="[mccc]" Column="CategoryId" />
                                    <ColumnReference Database="[FastPayment_Root]" Schema="[dbo]" Table="[MccCodes]" Alias="[mccc]" Column="Value" />
                                    <ColumnReference Database="[FastPayment_Root]" Schema="[dbo]" Table="[MccCodes]" Alias="[mccc]" Column="Description" />
                                  </OutputList>
                                  <RunTimeInformation>
                                    <RunTimeCountersPerThread Thread="0" ActualRows="917" ActualRowsRead="917" Batches="0" ActualEndOfScans="1" ActualExecutions="1" ActualExecutionMode="Row" ActualElapsedms="0" ActualCPUms="0" ActualScans="1" ActualLogicalReads="17" ActualPhysicalReads="0" ActualReadAheads="0" ActualLobLogicalReads="0" ActualLobPhysicalReads="0" ActualLobReadAheads="0" />
                                  </RunTimeInformation>
                                  <IndexScan Ordered="false" ForcedIndex="false" ForceScan="false" NoExpandHint="false" Storage="RowStore">
                                    <DefinedValues>
                                      <DefinedValue>
                                        <ColumnReference Database="[FastPayment_Root]" Schema="[dbo]" Table="[MccCodes]" Alias="[mccc]" Column="CategoryId" />
                                      </DefinedValue>
                                      <DefinedValue>
                                        <ColumnReference Database="[FastPayment_Root]" Schema="[dbo]" Table="[MccCodes]" Alias="[mccc]" Column="Value" />
                                      </DefinedValue>
                                      <DefinedValue>
                                        <ColumnReference Database="[FastPayment_Root]" Schema="[dbo]" Table="[MccCodes]" Alias="[mccc]" Column="Description" />
                                      </DefinedValue>
                                    </DefinedValues>
                                    <Object Database="[FastPayment_Root]" Schema="[dbo]" Table="[MccCodes]" Index="[PK_MccCodes]" Alias="[mccc]" IndexKind="Clustered" Storage="RowStore" />
                                  </IndexScan>
                                </RelOp>
                                <RelOp AvgRowSize="44392" EstimateCPU="0.167404" EstimateIO="0" EstimateRebinds="0" EstimateRewinds="0" EstimatedExecutionMode="Row" EstimateRows="40049.2" LogicalOp="Left Outer Join" NodeId="17" Parallel="false" PhysicalOp="Nested Loops" EstimatedTotalSubtreeCost="712.205">
                                  <OutputList>
                                    <ColumnReference Database="[FastPayment_Root]" Schema="[dbo]" Table="[Transactions]" Alias="[t]" Column="ExternalTransactionId" />
                                    <ColumnReference Database="[FastPayment_Root]" Schema="[dbo]" Table="[Transactions]" Alias="[t]" Column="EndToEndId" />
                                    <ColumnReference Database="[FastPayment_Root]" Schema="[dbo]" Table="[Types]" Alias="[ts]" Column="ShortName" />
                                    <ColumnReference Database="[FastPayment_Root]" Schema="[dbo]" Table="[Types]" Alias="[ttp]" Column="FullName" />
                                    <ColumnReference Database="[FastPayment_Root]" Schema="[dbo]" Table="[TransactionOrders]" Alias="[tro]" Column="DebitorId" />
                                    <ColumnReference Database="[FastPayment_Root]" Schema="[dbo]" Table="[TransactionOrders]" Alias="[tro]" Column="CreditorId" />
                                    <ColumnReference Database="[FastPayment_Root]" Schema="[dbo]" Table="[TransactionOrders]" Alias="[tro]" Column="TransactionId" />
                                    <ColumnReference Database="[FastPayment_Root]" Schema="[dbo]" Table="[Banks]" Alias="[db]" Column="NameRus" />
                                    <ColumnReference Database="[FastPayment_Root]" Schema="[dbo]" Table="[Banks]" Alias="[cb]" Column="NameRus" />
                                    <ColumnReference Database="[FastPayment_Root]" Schema="[dbo]" Table="[TransactionParameters]" Alias="[creditor]" Column="Value" />
                                    <ColumnReference Database="[FastPayment_Root]" Schema="[dbo]" Table="[TransactionParameters]" Alias="[mcc]" Column="Value" />
                                    <ColumnReference Database="[FastPayment_Root]" Schema="[dbo]" Table="[TransactionParameters]" Alias="[refId]" Column="Value" />
                                    <ColumnReference Column="Expr1018" />
                                    <ColumnReference Column="Expr1020" />
                                    <ColumnReference Column="Expr1021" />
                                    <ColumnReference Column="Expr1022" />
                                    <ColumnReference Column="Expr1023" />
                                  </OutputList>
                                  <RunTimeInformation>
                                    <RunTimeCountersPerThread Thread="0" ActualRows="30276" Batches="0" ActualEndOfScans="1" ActualExecutions="1" ActualExecutionMode="Row" ActualElapsedms="1768" ActualCPUms="1719" />
                                  </RunTimeInformation>
                                  <NestedLoops Optimized="false" WithUnorderedPrefetch="true">
                                    <OuterReferences>
                                      <ColumnReference Database="[FastPayment_Root]" Schema="[dbo]" Table="[Transactions]" Alias="[t]" Column="Id" />
                                      <ColumnReference Column="Expr1035" />
                                    </OuterReferences>
                                    <RelOp AvgRowSize="40382" EstimateCPU="0.00400488" EstimateIO="0" EstimateRebinds="0" EstimateRewinds="0" EstimatedExecutionMode="Row" EstimateRows="40048.8" LogicalOp="Compute Scalar" NodeId="19" Parallel="false" PhysicalOp="Compute Scalar" EstimatedTotalSubtreeCost="689.303">
                                      <OutputList>
                                        <ColumnReference Database="[FastPayment_Root]" Schema="[dbo]" Table="[Transactions]" Alias="[t]" Column="Id" />
                                        <ColumnReference Database="[FastPayment_Root]" Schema="[dbo]" Table="[Transactions]" Alias="[t]" Column="ExternalTransactionId" />
                                        <ColumnReference Database="[FastPayment_Root]" Schema="[dbo]" Table="[Transactions]" Alias="[t]" Column="EndToEndId" />
                                        <ColumnReference Database="[FastPayment_Root]" Schema="[dbo]" Table="[Types]" Alias="[ts]" Column="ShortName" />
                                        <ColumnReference Database="[FastPayment_Root]" Schema="[dbo]" Table="[Types]" Alias="[ttp]" Column="FullName" />
                                        <ColumnReference Database="[FastPayment_Root]" Schema="[dbo]" Table="[TransactionOrders]" Alias="[tro]" Column="DebitorId" />
                                        <ColumnReference Database="[FastPayment_Root]" Schema="[dbo]" Table="[TransactionOrders]" Alias="[tro]" Column="CreditorId" />
                                        <ColumnReference Database="[FastPayment_Root]" Schema="[dbo]" Table="[TransactionOrders]" Alias="[tro]" Column="TransactionId" />
                                        <ColumnReference Database="[FastPayment_Root]" Schema="[dbo]" Table="[Banks]" Alias="[db]" Column="NameRus" />
                                        <ColumnReference Database="[FastPayment_Root]" Schema="[dbo]" Table="[Banks]" Alias="[cb]" Column="NameRus" />
                                        <ColumnReference Database="[FastPayment_Root]" Schema="[dbo]" Table="[TransactionParameters]" Alias="[creditor]" Column="Value" />
                                        <ColumnReference Database="[FastPayment_Root]" Schema="[dbo]" Table="[TransactionParameters]" Alias="[mcc]" Column="Value" />
                                        <ColumnReference Column="Expr1018" />
                                        <ColumnReference Column="Expr1020" />
                                        <ColumnReference Column="Expr1021" />
                                        <ColumnReference Column="Expr1022" />
                                        <ColumnReference Column="Expr1023" />
                                      </OutputList>
                                      <ComputeScalar>
                                        <DefinedValues>
                                          <DefinedValue>
                                            <ColumnReference Column="Expr1023" />
                                            <ScalarOperator ScalarString="format(CONVERT_IMPLICIT(int,[FastPayment_Root].[dbo].[TransactionParameters].[Value] as [psbr].[Value],0)/(100),N'F',N'ru-RU')">
                                              <Intrinsic FunctionName="format">
                                                <ScalarOperator>
                                                  <Arithmetic Operation="DIV">
                                                    <ScalarOperator>
                                                      <Convert DataType="int" Style="0" Implicit="true">
                                                        <ScalarOperator>
                                                          <Identifier>
                                                            <ColumnReference Database="[FastPayment_Root]" Schema="[dbo]" Table="[TransactionParameters]" Alias="[psbr]" Column="Value" />
                                                          </Identifier>
                                                        </ScalarOperator>
                                                      </Convert>
                                                    </ScalarOperator>
                                                    <ScalarOperator>
                                                      <Const ConstValue="(100)" />
                                                    </ScalarOperator>
                                                  </Arithmetic>
                                                </ScalarOperator>
                                                <ScalarOperator>
                                                  <Const ConstValue="N'F'" />
                                                </ScalarOperator>
                                                <ScalarOperator>
                                                  <Const ConstValue="N'ru-RU'" />
                                                </ScalarOperator>
                                              </Intrinsic>
                                            </ScalarOperator>
                                          </DefinedValue>
                                        </DefinedValues>
                                        <RelOp AvgRowSize="40406" EstimateCPU="0.1674" EstimateIO="0" EstimateRebinds="0" EstimateRewinds="0" EstimatedExecutionMode="Row" EstimateRows="40048.8" LogicalOp="Left Outer Join" NodeId="20" Parallel="false" PhysicalOp="Nested Loops" EstimatedTotalSubtreeCost="689.299">
                                          <OutputList>
                                            <ColumnReference Database="[FastPayment_Root]" Schema="[dbo]" Table="[Transactions]" Alias="[t]" Column="Id" />
                                            <ColumnReference Database="[FastPayment_Root]" Schema="[dbo]" Table="[Transactions]" Alias="[t]" Column="ExternalTransactionId" />
                                            <ColumnReference Database="[FastPayment_Root]" Schema="[dbo]" Table="[Transactions]" Alias="[t]" Column="EndToEndId" />
                                            <ColumnReference Database="[FastPayment_Root]" Schema="[dbo]" Table="[Types]" Alias="[ts]" Column="ShortName" />
                                            <ColumnReference Database="[FastPayment_Root]" Schema="[dbo]" Table="[Types]" Alias="[ttp]" Column="FullName" />
                                            <ColumnReference Database="[FastPayment_Root]" Schema="[dbo]" Table="[TransactionOrders]" Alias="[tro]" Column="DebitorId" />
                                            <ColumnReference Database="[FastPayment_Root]" Schema="[dbo]" Table="[TransactionOrders]" Alias="[tro]" Column="CreditorId" />
                                            <ColumnReference Database="[FastPayment_Root]" Schema="[dbo]" Table="[TransactionOrders]" Alias="[tro]" Column="TransactionId" />
                                            <ColumnReference Database="[FastPayment_Root]" Schema="[dbo]" Table="[Banks]" Alias="[db]" Column="NameRus" />
                                            <ColumnReference Database="[FastPayment_Root]" Schema="[dbo]" Table="[Banks]" Alias="[cb]" Column="NameRus" />
                                            <ColumnReference Database="[FastPayment_Root]" Schema="[dbo]" Table="[TransactionParameters]" Alias="[creditor]" Column="Value" />
                                            <ColumnReference Database="[FastPayment_Root]" Schema="[dbo]" Table="[TransactionParameters]" Alias="[mcc]" Column="Value" />
                                            <ColumnReference Database="[FastPayment_Root]" Schema="[dbo]" Table="[TransactionParameters]" Alias="[psbr]" Column="Value" />
                                            <ColumnReference Column="Expr1018" />
                                            <ColumnReference Column="Expr1020" />
                                            <ColumnReference Column="Expr1021" />
                                            <ColumnReference Column="Expr1022" />
                                          </OutputList>
                                          <RunTimeInformation>
                                            <RunTimeCountersPerThread Thread="0" ActualRows="30276" Batches="0" ActualEndOfScans="1" ActualExecutions="1" ActualExecutionMode="Row" ActualElapsedms="1652" ActualCPUms="1603" />
                                          </RunTimeInformation>
                                          <NestedLoops Optimized="false" WithUnorderedPrefetch="true">
                                            <OuterReferences>
                                              <ColumnReference Database="[FastPayment_Root]" Schema="[dbo]" Table="[Transactions]" Alias="[t]" Column="Id" />
                                              <ColumnReference Column="Expr1034" />
                                            </OuterReferences>
                                            <RelOp AvgRowSize="36379" EstimateCPU="0.00400478" EstimateIO="0" EstimateRebinds="0" EstimateRewinds="0" EstimatedExecutionMode="Row" EstimateRows="40047.8" LogicalOp="Compute Scalar" NodeId="22" Parallel="false" PhysicalOp="Compute Scalar" EstimatedTotalSubtreeCost="638.794">
                                              <OutputList>
                                                <ColumnReference Database="[FastPayment_Root]" Schema="[dbo]" Table="[Transactions]" Alias="[t]" Column="Id" />
                                                <ColumnReference Database="[FastPayment_Root]" Schema="[dbo]" Table="[Transactions]" Alias="[t]" Column="ExternalTransactionId" />
                                                <ColumnReference Database="[FastPayment_Root]" Schema="[dbo]" Table="[Transactions]" Alias="[t]" Column="EndToEndId" />
                                                <ColumnReference Database="[FastPayment_Root]" Schema="[dbo]" Table="[Types]" Alias="[ts]" Column="ShortName" />
                                                <ColumnReference Database="[FastPayment_Root]" Schema="[dbo]" Table="[Types]" Alias="[ttp]" Column="FullName" />
                                                <ColumnReference Database="[FastPayment_Root]" Schema="[dbo]" Table="[TransactionOrders]" Alias="[tro]" Column="DebitorId" />
                                                <ColumnReference Database="[FastPayment_Root]" Schema="[dbo]" Table="[TransactionOrders]" Alias="[tro]" Column="CreditorId" />
                                                <ColumnReference Database="[FastPayment_Root]" Schema="[dbo]" Table="[TransactionOrders]" Alias="[tro]" Column="TransactionId" />
                                                <ColumnReference Database="[FastPayment_Root]" Schema="[dbo]" Table="[Banks]" Alias="[db]" Column="NameRus" />
                                                <ColumnReference Database="[FastPayment_Root]" Schema="[dbo]" Table="[Banks]" Alias="[cb]" Column="NameRus" />
                                                <ColumnReference Database="[FastPayment_Root]" Schema="[dbo]" Table="[TransactionParameters]" Alias="[creditor]" Column="Value" />
                                                <ColumnReference Database="[FastPayment_Root]" Schema="[dbo]" Table="[TransactionParameters]" Alias="[mcc]" Column="Value" />
                                                <ColumnReference Column="Expr1018" />
                                                <ColumnReference Column="Expr1020" />
                                                <ColumnReference Column="Expr1021" />
                                                <ColumnReference Column="Expr1022" />
                                              </OutputList>
                                              <ComputeScalar>
                                                <DefinedValues>
                                                  <DefinedValue>
                                                    <ColumnReference Column="Expr1022" />
                                                    <ScalarOperator ScalarString="format(CONVERT_IMPLICIT(int,[FastPayment_Root].[dbo].[TransactionParameters].[Value] as [mbv].[Value],0)/(100),N'F',N'ru-RU')">
                                                      <Intrinsic FunctionName="format">
                                                        <ScalarOperator>
                                                          <Arithmetic Operation="DIV">
                                                            <ScalarOperator>
                                                              <Convert DataType="int" Style="0" Implicit="true">
                                                                <ScalarOperator>
                                                                  <Identifier>
                                                                    <ColumnReference Database="[FastPayment_Root]" Schema="[dbo]" Table="[TransactionParameters]" Alias="[mbv]" Column="Value" />
                                                                  </Identifier>
                                                                </ScalarOperator>
                                                              </Convert>
                                                            </ScalarOperator>
                                                            <ScalarOperator>
                                                              <Const ConstValue="(100)" />
                                                            </ScalarOperator>
                                                          </Arithmetic>
                                                        </ScalarOperator>
                                                        <ScalarOperator>
                                                          <Const ConstValue="N'F'" />
                                                        </ScalarOperator>
                                                        <ScalarOperator>
                                                          <Const ConstValue="N'ru-RU'" />
                                                        </ScalarOperator>
                                                      </Intrinsic>
                                                    </ScalarOperator>
                                                  </DefinedValue>
                                                </DefinedValues>
                                                <RelOp AvgRowSize="36403" EstimateCPU="0.167401" EstimateIO="0" EstimateRebinds="0" EstimateRewinds="0" EstimatedExecutionMode="Row" EstimateRows="40047.8" LogicalOp="Left Outer Join" NodeId="23" Parallel="false" PhysicalOp="Nested Loops" EstimatedTotalSubtreeCost="638.79">
                                                  <OutputList>
                                                    <ColumnReference Database="[FastPayment_Root]" Schema="[dbo]" Table="[Transactions]" Alias="[t]" Column="Id" />
                                                    <ColumnReference Database="[FastPayment_Root]" Schema="[dbo]" Table="[Transactions]" Alias="[t]" Column="ExternalTransactionId" />
                                                    <ColumnReference Database="[FastPayment_Root]" Schema="[dbo]" Table="[Transactions]" Alias="[t]" Column="EndToEndId" />
                                                    <ColumnReference Database="[FastPayment_Root]" Schema="[dbo]" Table="[Types]" Alias="[ts]" Column="ShortName" />
                                                    <ColumnReference Database="[FastPayment_Root]" Schema="[dbo]" Table="[Types]" Alias="[ttp]" Column="FullName" />
                                                    <ColumnReference Database="[FastPayment_Root]" Schema="[dbo]" Table="[TransactionOrders]" Alias="[tro]" Column="DebitorId" />
                                                    <ColumnReference Database="[FastPayment_Root]" Schema="[dbo]" Table="[TransactionOrders]" Alias="[tro]" Column="CreditorId" />
                                                    <ColumnReference Database="[FastPayment_Root]" Schema="[dbo]" Table="[TransactionOrders]" Alias="[tro]" Column="TransactionId" />
                                                    <ColumnReference Database="[FastPayment_Root]" Schema="[dbo]" Table="[Banks]" Alias="[db]" Column="NameRus" />
                                                    <ColumnReference Database="[FastPayment_Root]" Schema="[dbo]" Table="[Banks]" Alias="[cb]" Column="NameRus" />
                                                    <ColumnReference Database="[FastPayment_Root]" Schema="[dbo]" Table="[TransactionParameters]" Alias="[creditor]" Column="Value" />
                                                    <ColumnReference Database="[FastPayment_Root]" Schema="[dbo]" Table="[TransactionParameters]" Alias="[mcc]" Column="Value" />
                                                    <ColumnReference Database="[FastPayment_Root]" Schema="[dbo]" Table="[TransactionParameters]" Alias="[mbv]" Column="Value" />
                                                    <ColumnReference Column="Expr1018" />
                                                    <ColumnReference Column="Expr1020" />
                                                    <ColumnReference Column="Expr1021" />
                                                  </OutputList>
                                                  <RunTimeInformation>
                                                    <RunTimeCountersPerThread Thread="0" ActualRows="30276" Batches="0" ActualEndOfScans="1" ActualExecutions="1" ActualExecutionMode="Row" ActualElapsedms="1522" ActualCPUms="1472" />
                                                  </RunTimeInformation>
                                                  <NestedLoops Optimized="false" WithUnorderedPrefetch="true">
                                                    <OuterReferences>
                                                      <ColumnReference Database="[FastPayment_Root]" Schema="[dbo]" Table="[Transactions]" Alias="[t]" Column="Id" />
                                                      <ColumnReference Column="Expr1033" />
                                                    </OuterReferences>
                                                    <RelOp AvgRowSize="32377" EstimateCPU="0.00400482" EstimateIO="0" EstimateRebinds="0" EstimateRewinds="0" EstimatedExecutionMode="Row" EstimateRows="40048.2" LogicalOp="Compute Scalar" NodeId="25" Parallel="false" PhysicalOp="Compute Scalar" EstimatedTotalSubtreeCost="630.726">
                                                      <OutputList>
                                                        <ColumnReference Database="[FastPayment_Root]" Schema="[dbo]" Table="[Transactions]" Alias="[t]" Column="Id" />
                                                        <ColumnReference Database="[FastPayment_Root]" Schema="[dbo]" Table="[Transactions]" Alias="[t]" Column="ExternalTransactionId" />
                                                        <ColumnReference Database="[FastPayment_Root]" Schema="[dbo]" Table="[Transactions]" Alias="[t]" Column="EndToEndId" />
                                                        <ColumnReference Database="[FastPayment_Root]" Schema="[dbo]" Table="[Types]" Alias="[ts]" Column="ShortName" />
                                                        <ColumnReference Database="[FastPayment_Root]" Schema="[dbo]" Table="[Types]" Alias="[ttp]" Column="FullName" />
                                                        <ColumnReference Database="[FastPayment_Root]" Schema="[dbo]" Table="[TransactionOrders]" Alias="[tro]" Column="DebitorId" />
                                                        <ColumnReference Database="[FastPayment_Root]" Schema="[dbo]" Table="[TransactionOrders]" Alias="[tro]" Column="CreditorId" />
                                                        <ColumnReference Database="[FastPayment_Root]" Schema="[dbo]" Table="[TransactionOrders]" Alias="[tro]" Column="TransactionId" />
                                                        <ColumnReference Database="[FastPayment_Root]" Schema="[dbo]" Table="[Banks]" Alias="[db]" Column="NameRus" />
                                                        <ColumnReference Database="[FastPayment_Root]" Schema="[dbo]" Table="[Banks]" Alias="[cb]" Column="NameRus" />
                                                        <ColumnReference Database="[FastPayment_Root]" Schema="[dbo]" Table="[TransactionParameters]" Alias="[creditor]" Column="Value" />
                                                        <ColumnReference Database="[FastPayment_Root]" Schema="[dbo]" Table="[TransactionParameters]" Alias="[mcc]" Column="Value" />
                                                        <ColumnReference Column="Expr1018" />
                                                        <ColumnReference Column="Expr1020" />
                                                        <ColumnReference Column="Expr1021" />
                                                      </OutputList>
                                                      <ComputeScalar>
                                                        <DefinedValues>
                                                          <DefinedValue>
                                                            <ColumnReference Column="Expr1021" />
                                                            <ScalarOperator ScalarString="format(CONVERT_IMPLICIT(int,[FastPayment_Root].[dbo].[TransactionParameters].[Value] as [cms].[Value],0)/(100),N'F',N'ru-RU')">
                                                              <Intrinsic FunctionName="format">
                                                                <ScalarOperator>
                                                                  <Arithmetic Operation="DIV">
                                                                    <ScalarOperator>
                                                                      <Convert DataType="int" Style="0" Implicit="true">
                                                                        <ScalarOperator>
                                                                          <Identifier>
                                                                            <ColumnReference Database="[FastPayment_Root]" Schema="[dbo]" Table="[TransactionParameters]" Alias="[cms]" Column="Value" />
                                                                          </Identifier>
                                                                        </ScalarOperator>
                                                                      </Convert>
                                                                    </ScalarOperator>
                                                                    <ScalarOperator>
                                                                      <Const ConstValue="(100)" />
                                                                    </ScalarOperator>
                                                                  </Arithmetic>
                                                                </ScalarOperator>
                                                                <ScalarOperator>
                                                                  <Const ConstValue="N'F'" />
                                                                </ScalarOperator>
                                                                <ScalarOperator>
                                                                  <Const ConstValue="N'ru-RU'" />
                                                                </ScalarOperator>
                                                              </Intrinsic>
                                                            </ScalarOperator>
                                                          </DefinedValue>
                                                        </DefinedValues>
                                                        <RelOp AvgRowSize="32401" EstimateCPU="0.1674" EstimateIO="0" EstimateRebinds="0" EstimateRewinds="0" EstimatedExecutionMode="Row" EstimateRows="40048.2" LogicalOp="Left Outer Join" NodeId="26" Parallel="false" PhysicalOp="Nested Loops" EstimatedTotalSubtreeCost="630.722">
                                                          <OutputList>
                                                            <ColumnReference Database="[FastPayment_Root]" Schema="[dbo]" Table="[Transactions]" Alias="[t]" Column="Id" />
                                                            <ColumnReference Database="[FastPayment_Root]" Schema="[dbo]" Table="[Transactions]" Alias="[t]" Column="ExternalTransactionId" />
                                                            <ColumnReference Database="[FastPayment_Root]" Schema="[dbo]" Table="[Transactions]" Alias="[t]" Column="EndToEndId" />
                                                            <ColumnReference Database="[FastPayment_Root]" Schema="[dbo]" Table="[Types]" Alias="[ts]" Column="ShortName" />
                                                            <ColumnReference Database="[FastPayment_Root]" Schema="[dbo]" Table="[Types]" Alias="[ttp]" Column="FullName" />
                                                            <ColumnReference Database="[FastPayment_Root]" Schema="[dbo]" Table="[TransactionOrders]" Alias="[tro]" Column="DebitorId" />
                                                            <ColumnReference Database="[FastPayment_Root]" Schema="[dbo]" Table="[TransactionOrders]" Alias="[tro]" Column="CreditorId" />
                                                            <ColumnReference Database="[FastPayment_Root]" Schema="[dbo]" Table="[TransactionOrders]" Alias="[tro]" Column="TransactionId" />
                                                            <ColumnReference Database="[FastPayment_Root]" Schema="[dbo]" Table="[Banks]" Alias="[db]" Column="NameRus" />
                                                            <ColumnReference Database="[FastPayment_Root]" Schema="[dbo]" Table="[Banks]" Alias="[cb]" Column="NameRus" />
                                                            <ColumnReference Database="[FastPayment_Root]" Schema="[dbo]" Table="[TransactionParameters]" Alias="[creditor]" Column="Value" />
                                                            <ColumnReference Database="[FastPayment_Root]" Schema="[dbo]" Table="[TransactionParameters]" Alias="[mcc]" Column="Value" />
                                                            <ColumnReference Database="[FastPayment_Root]" Schema="[dbo]" Table="[TransactionParameters]" Alias="[cms]" Column="Value" />
                                                            <ColumnReference Column="Expr1018" />
                                                            <ColumnReference Column="Expr1020" />
                                                          </OutputList>
                                                          <RunTimeInformation>
                                                            <RunTimeCountersPerThread Thread="0" ActualRows="30276" Batches="0" ActualEndOfScans="1" ActualExecutions="1" ActualExecutionMode="Row" ActualElapsedms="1430" ActualCPUms="1381" />
                                                          </RunTimeInformation>
                                                          <NestedLoops Optimized="false" WithUnorderedPrefetch="true">
                                                            <OuterReferences>
                                                              <ColumnReference Database="[FastPayment_Root]" Schema="[dbo]" Table="[Transactions]" Alias="[t]" Column="Id" />
                                                              <ColumnReference Column="Expr1032" />
                                                            </OuterReferences>
                                                            <RelOp AvgRowSize="28375" EstimateCPU="0.167394" EstimateIO="0" EstimateRebinds="0" EstimateRewinds="0" EstimatedExecutionMode="Row" EstimateRows="40047.7" LogicalOp="Left Outer Join" NodeId="28" Parallel="false" PhysicalOp="Nested Loops" EstimatedTotalSubtreeCost="598.236">
                                                              <OutputList>
                                                                <ColumnReference Database="[FastPayment_Root]" Schema="[dbo]" Table="[Transactions]" Alias="[t]" Column="Id" />
                                                                <ColumnReference Database="[FastPayment_Root]" Schema="[dbo]" Table="[Transactions]" Alias="[t]" Column="ExternalTransactionId" />
                                                                <ColumnReference Database="[FastPayment_Root]" Schema="[dbo]" Table="[Transactions]" Alias="[t]" Column="EndToEndId" />
                                                                <ColumnReference Database="[FastPayment_Root]" Schema="[dbo]" Table="[Types]" Alias="[ts]" Column="ShortName" />
                                                                <ColumnReference Database="[FastPayment_Root]" Schema="[dbo]" Table="[Types]" Alias="[ttp]" Column="FullName" />
                                                                <ColumnReference Database="[FastPayment_Root]" Schema="[dbo]" Table="[TransactionOrders]" Alias="[tro]" Column="DebitorId" />
                                                                <ColumnReference Database="[FastPayment_Root]" Schema="[dbo]" Table="[TransactionOrders]" Alias="[tro]" Column="CreditorId" />
                                                                <ColumnReference Database="[FastPayment_Root]" Schema="[dbo]" Table="[TransactionOrders]" Alias="[tro]" Column="TransactionId" />
                                                                <ColumnReference Database="[FastPayment_Root]" Schema="[dbo]" Table="[Banks]" Alias="[db]" Column="NameRus" />
                                                                <ColumnReference Database="[FastPayment_Root]" Schema="[dbo]" Table="[Banks]" Alias="[cb]" Column="NameRus" />
                                                                <ColumnReference Database="[FastPayment_Root]" Schema="[dbo]" Table="[TransactionParameters]" Alias="[creditor]" Column="Value" />
                                                                <ColumnReference Database="[FastPayment_Root]" Schema="[dbo]" Table="[TransactionParameters]" Alias="[mcc]" Column="Value" />
                                                                <ColumnReference Column="Expr1018" />
                                                                <ColumnReference Column="Expr1020" />
                                                              </OutputList>
                                                              <RunTimeInformation>
                                                                <RunTimeCountersPerThread Thread="0" ActualRows="30276" Batches="0" ActualEndOfScans="1" ActualExecutions="1" ActualExecutionMode="Row" ActualElapsedms="1311" ActualCPUms="1262" />
                                                              </RunTimeInformation>
                                                              <NestedLoops Optimized="false" WithUnorderedPrefetch="true">
                                                                <OuterReferences>
                                                                  <ColumnReference Database="[FastPayment_Root]" Schema="[dbo]" Table="[Transactions]" Alias="[t]" Column="Id" />
                                                                  <ColumnReference Column="Expr1031" />
                                                                </OuterReferences>
                                                                <RelOp AvgRowSize="28305" EstimateCPU="0.167391" EstimateIO="0" EstimateRebinds="0" EstimateRewinds="0" EstimatedExecutionMode="Row" EstimateRows="40046.5" LogicalOp="Left Outer Join" NodeId="30" Parallel="false" PhysicalOp="Nested Loops" EstimatedTotalSubtreeCost="549.856">
                                                                  <OutputList>
                                                                    <ColumnReference Database="[FastPayment_Root]" Schema="[dbo]" Table="[Transactions]" Alias="[t]" Column="Id" />
                                                                    <ColumnReference Database="[FastPayment_Root]" Schema="[dbo]" Table="[Transactions]" Alias="[t]" Column="ExternalTransactionId" />
                                                                    <ColumnReference Database="[FastPayment_Root]" Schema="[dbo]" Table="[Transactions]" Alias="[t]" Column="EndToEndId" />
                                                                    <ColumnReference Database="[FastPayment_Root]" Schema="[dbo]" Table="[Types]" Alias="[ts]" Column="ShortName" />
                                                                    <ColumnReference Database="[FastPayment_Root]" Schema="[dbo]" Table="[Types]" Alias="[ttp]" Column="FullName" />
                                                                    <ColumnReference Database="[FastPayment_Root]" Schema="[dbo]" Table="[TransactionOrders]" Alias="[tro]" Column="DebitorId" />
                                                                    <ColumnReference Database="[FastPayment_Root]" Schema="[dbo]" Table="[TransactionOrders]" Alias="[tro]" Column="CreditorId" />
                                                                    <ColumnReference Database="[FastPayment_Root]" Schema="[dbo]" Table="[TransactionOrders]" Alias="[tro]" Column="TransactionId" />
                                                                    <ColumnReference Database="[FastPayment_Root]" Schema="[dbo]" Table="[Banks]" Alias="[db]" Column="NameRus" />
                                                                    <ColumnReference Database="[FastPayment_Root]" Schema="[dbo]" Table="[Banks]" Alias="[cb]" Column="NameRus" />
                                                                    <ColumnReference Database="[FastPayment_Root]" Schema="[dbo]" Table="[TransactionParameters]" Alias="[creditor]" Column="Value" />
                                                                    <ColumnReference Column="Expr1018" />
                                                                    <ColumnReference Column="Expr1020" />
                                                                  </OutputList>
                                                                  <RunTimeInformation>
                                                                    <RunTimeCountersPerThread Thread="0" ActualRows="30275" Batches="0" ActualEndOfScans="1" ActualExecutions="1" ActualExecutionMode="Row" ActualElapsedms="1182" ActualCPUms="1133" />
                                                                  </RunTimeInformation>
                                                                  <NestedLoops Optimized="false" WithUnorderedPrefetch="true">
                                                                    <OuterReferences>
                                                                      <ColumnReference Database="[FastPayment_Root]" Schema="[dbo]" Table="[Transactions]" Alias="[t]" Column="Id" />
                                                                      <ColumnReference Column="Expr1030" />
                                                                    </OuterReferences>
                                                                    <RelOp AvgRowSize="24279" EstimateCPU="0.99409" EstimateIO="0" EstimateRebinds="0" EstimateRewinds="0" EstimatedExecutionMode="Row" EstimateRows="40045.7" LogicalOp="Right Outer Join" NodeId="32" Parallel="false" PhysicalOp="Hash Match" EstimatedTotalSubtreeCost="498.001">
                                                                      <OutputList>
                                                                        <ColumnReference Database="[FastPayment_Root]" Schema="[dbo]" Table="[Transactions]" Alias="[t]" Column="Id" />
                                                                        <ColumnReference Database="[FastPayment_Root]" Schema="[dbo]" Table="[Transactions]" Alias="[t]" Column="ExternalTransactionId" />
                                                                        <ColumnReference Database="[FastPayment_Root]" Schema="[dbo]" Table="[Transactions]" Alias="[t]" Column="EndToEndId" />
                                                                        <ColumnReference Database="[FastPayment_Root]" Schema="[dbo]" Table="[Types]" Alias="[ts]" Column="ShortName" />
                                                                        <ColumnReference Database="[FastPayment_Root]" Schema="[dbo]" Table="[Types]" Alias="[ttp]" Column="FullName" />
                                                                        <ColumnReference Database="[FastPayment_Root]" Schema="[dbo]" Table="[TransactionOrders]" Alias="[tro]" Column="DebitorId" />
                                                                        <ColumnReference Database="[FastPayment_Root]" Schema="[dbo]" Table="[TransactionOrders]" Alias="[tro]" Column="CreditorId" />
                                                                        <ColumnReference Database="[FastPayment_Root]" Schema="[dbo]" Table="[TransactionOrders]" Alias="[tro]" Column="TransactionId" />
                                                                        <ColumnReference Database="[FastPayment_Root]" Schema="[dbo]" Table="[Banks]" Alias="[db]" Column="NameRus" />
                                                                        <ColumnReference Database="[FastPayment_Root]" Schema="[dbo]" Table="[Banks]" Alias="[cb]" Column="NameRus" />
                                                                        <ColumnReference Column="Expr1018" />
                                                                        <ColumnReference Column="Expr1020" />
                                                                      </OutputList>
                                                                      <MemoryFractions Input="0.0316611" Output="0.0316611" />
                                                                      <RunTimeInformation>
                                                                        <RunTimeCountersPerThread Thread="0" ActualRows="30275" Batches="0" ActualEndOfScans="1" ActualExecutions="1" ActualExecutionMode="Row" ActualElapsedms="1042" ActualCPUms="993" ActualScans="0" ActualLogicalReads="0" ActualPhysicalReads="0" ActualReadAheads="0" ActualLobLogicalReads="0" ActualLobPhysicalReads="0" ActualLobReadAheads="0" InputMemoryGrant="26032" OutputMemoryGrant="26032" UsedMemoryGrant="640" />
                                                                      </RunTimeInformation>
                                                                      <Hash>
                                                                        <DefinedValues />
                                                                        <HashKeysBuild>
                                                                          <ColumnReference Database="[FastPayment_Root]" Schema="[dbo]" Table="[Banks]" Alias="[cb]" Column="Id" />
                                                                        </HashKeysBuild>
                                                                        <HashKeysProbe>
                                                                          <ColumnReference Database="[FastPayment_Root]" Schema="[dbo]" Table="[Transactions]" Alias="[t]" Column="CreditorBankId" />
                                                                        </HashKeysProbe>
                                                                        <ProbeResidual>
                                                                          <ScalarOperator ScalarString="[FastPayment_Root].[dbo].[Banks].[Id] as [cb].[Id]=[FastPayment_Root].[dbo].[Transactions].[CreditorBankId] as [t].[CreditorBankId]">
                                                                            <Compare CompareOp="EQ">
                                                                              <ScalarOperator>
                                                                                <Identifier>
                                                                                  <ColumnReference Database="[FastPayment_Root]" Schema="[dbo]" Table="[Banks]" Alias="[cb]" Column="Id" />
                                                                                </Identifier>
                                                                              </ScalarOperator>
                                                                              <ScalarOperator>
                                                                                <Identifier>
                                                                                  <ColumnReference Database="[FastPayment_Root]" Schema="[dbo]" Table="[Transactions]" Alias="[t]" Column="CreditorBankId" />
                                                                                </Identifier>
                                                                              </ScalarOperator>
                                                                            </Compare>
                                                                          </ScalarOperator>
                                                                        </ProbeResidual>
                                                                        <RelOp AvgRowSize="4051" EstimateCPU="0.0004287" EstimateIO="0.00905093" EstimateRebinds="0" EstimateRewinds="0" EstimatedExecutionMode="Row" EstimateRows="247" LogicalOp="Clustered Index Scan" NodeId="33" Parallel="false" PhysicalOp="Clustered Index Scan" EstimatedTotalSubtreeCost="0.00947963" TableCardinality="247">
                                                                          <OutputList>
                                                                            <ColumnReference Database="[FastPayment_Root]" Schema="[dbo]" Table="[Banks]" Alias="[cb]" Column="Id" />
                                                                            <ColumnReference Database="[FastPayment_Root]" Schema="[dbo]" Table="[Banks]" Alias="[cb]" Column="NameRus" />
                                                                          </OutputList>
                                                                          <RunTimeInformation>
                                                                            <RunTimeCountersPerThread Thread="0" ActualRows="247" ActualRowsRead="247" Batches="0" ActualEndOfScans="1" ActualExecutions="1" ActualExecutionMode="Row" ActualElapsedms="0" ActualCPUms="0" ActualScans="1" ActualLogicalReads="11" ActualPhysicalReads="0" ActualReadAheads="0" ActualLobLogicalReads="0" ActualLobPhysicalReads="0" ActualLobReadAheads="0" />
                                                                          </RunTimeInformation>
                                                                          <IndexScan Ordered="false" ForcedIndex="false" ForceScan="false" NoExpandHint="false" Storage="RowStore">
                                                                            <DefinedValues>
                                                                              <DefinedValue>
                                                                                <ColumnReference Database="[FastPayment_Root]" Schema="[dbo]" Table="[Banks]" Alias="[cb]" Column="Id" />
                                                                              </DefinedValue>
                                                                              <DefinedValue>
                                                                                <ColumnReference Database="[FastPayment_Root]" Schema="[dbo]" Table="[Banks]" Alias="[cb]" Column="NameRus" />
                                                                              </DefinedValue>
                                                                            </DefinedValues>
                                                                            <Object Database="[FastPayment_Root]" Schema="[dbo]" Table="[Banks]" Index="[PK_Banks]" Alias="[cb]" IndexKind="Clustered" Storage="RowStore" />
                                                                          </IndexScan>
                                                                        </RelOp>
                                                                        <RelOp AvgRowSize="20269" EstimateCPU="0.167258" EstimateIO="0" EstimateRebinds="0" EstimateRewinds="0" EstimatedExecutionMode="Row" EstimateRows="40045.7" LogicalOp="Left Outer Join" NodeId="34" Parallel="false" PhysicalOp="Nested Loops" EstimatedTotalSubtreeCost="496.998">
                                                                          <OutputList>
                                                                            <ColumnReference Database="[FastPayment_Root]" Schema="[dbo]" Table="[Transactions]" Alias="[t]" Column="Id" />
                                                                            <ColumnReference Database="[FastPayment_Root]" Schema="[dbo]" Table="[Transactions]" Alias="[t]" Column="ExternalTransactionId" />
                                                                            <ColumnReference Database="[FastPayment_Root]" Schema="[dbo]" Table="[Transactions]" Alias="[t]" Column="EndToEndId" />
                                                                            <ColumnReference Database="[FastPayment_Root]" Schema="[dbo]" Table="[Transactions]" Alias="[t]" Column="CreditorBankId" />
                                                                            <ColumnReference Database="[FastPayment_Root]" Schema="[dbo]" Table="[Types]" Alias="[ts]" Column="ShortName" />
                                                                            <ColumnReference Database="[FastPayment_Root]" Schema="[dbo]" Table="[Types]" Alias="[ttp]" Column="FullName" />
                                                                            <ColumnReference Database="[FastPayment_Root]" Schema="[dbo]" Table="[TransactionOrders]" Alias="[tro]" Column="DebitorId" />
                                                                            <ColumnReference Database="[FastPayment_Root]" Schema="[dbo]" Table="[TransactionOrders]" Alias="[tro]" Column="CreditorId" />
                                                                            <ColumnReference Database="[FastPayment_Root]" Schema="[dbo]" Table="[TransactionOrders]" Alias="[tro]" Column="TransactionId" />
                                                                            <ColumnReference Database="[FastPayment_Root]" Schema="[dbo]" Table="[Banks]" Alias="[db]" Column="NameRus" />
                                                                            <ColumnReference Column="Expr1018" />
                                                                            <ColumnReference Column="Expr1020" />
                                                                          </OutputList>
                                                                          <RunTimeInformation>
                                                                            <RunTimeCountersPerThread Thread="0" ActualRows="30275" Batches="0" ActualEndOfScans="1" ActualExecutions="1" ActualExecutionMode="Row" ActualElapsedms="1022" ActualCPUms="973" />
                                                                          </RunTimeInformation>
                                                                          <NestedLoops Optimized="false" WithUnorderedPrefetch="true">
                                                                            <OuterReferences>
                                                                              <ColumnReference Database="[FastPayment_Root]" Schema="[dbo]" Table="[Transactions]" Alias="[t]" Column="Id" />
                                                                              <ColumnReference Column="Expr1029" />
                                                                            </OuterReferences>
                                                                            <RelOp AvgRowSize="20269" EstimateCPU="0.993847" EstimateIO="0" EstimateRebinds="0" EstimateRewinds="0" EstimatedExecutionMode="Row" EstimateRows="40013.8" LogicalOp="Right Outer Join" NodeId="36" Parallel="false" PhysicalOp="Hash Match" EstimatedTotalSubtreeCost="375.769">
                                                                              <OutputList>
                                                                                <ColumnReference Database="[FastPayment_Root]" Schema="[dbo]" Table="[Transactions]" Alias="[t]" Column="Id" />
                                                                                <ColumnReference Database="[FastPayment_Root]" Schema="[dbo]" Table="[Transactions]" Alias="[t]" Column="ExternalTransactionId" />
                                                                                <ColumnReference Database="[FastPayment_Root]" Schema="[dbo]" Table="[Transactions]" Alias="[t]" Column="EndToEndId" />
                                                                                <ColumnReference Database="[FastPayment_Root]" Schema="[dbo]" Table="[Transactions]" Alias="[t]" Column="CreditorBankId" />
                                                                                <ColumnReference Database="[FastPayment_Root]" Schema="[dbo]" Table="[Types]" Alias="[ts]" Column="ShortName" />
                                                                                <ColumnReference Database="[FastPayment_Root]" Schema="[dbo]" Table="[Types]" Alias="[ttp]" Column="FullName" />
                                                                                <ColumnReference Database="[FastPayment_Root]" Schema="[dbo]" Table="[TransactionOrders]" Alias="[tro]" Column="DebitorId" />
                                                                                <ColumnReference Database="[FastPayment_Root]" Schema="[dbo]" Table="[TransactionOrders]" Alias="[tro]" Column="CreditorId" />
                                                                                <ColumnReference Database="[FastPayment_Root]" Schema="[dbo]" Table="[TransactionOrders]" Alias="[tro]" Column="TransactionId" />
                                                                                <ColumnReference Database="[FastPayment_Root]" Schema="[dbo]" Table="[Banks]" Alias="[db]" Column="NameRus" />
                                                                                <ColumnReference Column="Expr1018" />
                                                                                <ColumnReference Column="Expr1020" />
                                                                              </OutputList>
                                                                              <MemoryFractions Input="0.031651" Output="0.031651" />
                                                                              <RunTimeInformation>
                                                                                <RunTimeCountersPerThread Thread="0" ActualRows="30275" Batches="0" ActualEndOfScans="1" ActualExecutions="1" ActualExecutionMode="Row" ActualElapsedms="773" ActualCPUms="740" ActualScans="0" ActualLogicalReads="0" ActualPhysicalReads="0" ActualReadAheads="0" ActualLobLogicalReads="0" ActualLobPhysicalReads="0" ActualLobReadAheads="0" InputMemoryGrant="26024" OutputMemoryGrant="26024" UsedMemoryGrant="640" />
                                                                              </RunTimeInformation>
                                                                              <Hash>
                                                                                <DefinedValues />
                                                                                <HashKeysBuild>
                                                                                  <ColumnReference Database="[FastPayment_Root]" Schema="[dbo]" Table="[Banks]" Alias="[db]" Column="Id" />
                                                                                </HashKeysBuild>
                                                                                <HashKeysProbe>
                                                                                  <ColumnReference Database="[FastPayment_Root]" Schema="[dbo]" Table="[Transactions]" Alias="[t]" Column="DebitorBankId" />
                                                                                </HashKeysProbe>
                                                                                <ProbeResidual>
                                                                                  <ScalarOperator ScalarString="[FastPayment_Root].[dbo].[Banks].[Id] as [db].[Id]=[FastPayment_Root].[dbo].[Transactions].[DebitorBankId] as [t].[DebitorBankId]">
                                                                                    <Compare CompareOp="EQ">
                                                                                      <ScalarOperator>
                                                                                        <Identifier>
                                                                                          <ColumnReference Database="[FastPayment_Root]" Schema="[dbo]" Table="[Banks]" Alias="[db]" Column="Id" />
                                                                                        </Identifier>
                                                                                      </ScalarOperator>
                                                                                      <ScalarOperator>
                                                                                        <Identifier>
                                                                                          <ColumnReference Database="[FastPayment_Root]" Schema="[dbo]" Table="[Transactions]" Alias="[t]" Column="DebitorBankId" />
                                                                                        </Identifier>
                                                                                      </ScalarOperator>
                                                                                    </Compare>
                                                                                  </ScalarOperator>
                                                                                </ProbeResidual>
                                                                                <RelOp AvgRowSize="4051" EstimateCPU="0.0004287" EstimateIO="0.00905093" EstimateRebinds="0" EstimateRewinds="0" EstimatedExecutionMode="Row" EstimateRows="247" LogicalOp="Clustered Index Scan" NodeId="37" Parallel="false" PhysicalOp="Clustered Index Scan" EstimatedTotalSubtreeCost="0.00947963" TableCardinality="247">
                                                                                  <OutputList>
                                                                                    <ColumnReference Database="[FastPayment_Root]" Schema="[dbo]" Table="[Banks]" Alias="[db]" Column="Id" />
                                                                                    <ColumnReference Database="[FastPayment_Root]" Schema="[dbo]" Table="[Banks]" Alias="[db]" Column="NameRus" />
                                                                                  </OutputList>
                                                                                  <RunTimeInformation>
                                                                                    <RunTimeCountersPerThread Thread="0" ActualRows="247" ActualRowsRead="247" Batches="0" ActualEndOfScans="1" ActualExecutions="1" ActualExecutionMode="Row" ActualElapsedms="0" ActualCPUms="0" ActualScans="1" ActualLogicalReads="11" ActualPhysicalReads="0" ActualReadAheads="0" ActualLobLogicalReads="0" ActualLobPhysicalReads="0" ActualLobReadAheads="0" />
                                                                                  </RunTimeInformation>
                                                                                  <IndexScan Ordered="false" ForcedIndex="false" ForceScan="false" NoExpandHint="false" Storage="RowStore">
                                                                                    <DefinedValues>
                                                                                      <DefinedValue>
                                                                                        <ColumnReference Database="[FastPayment_Root]" Schema="[dbo]" Table="[Banks]" Alias="[db]" Column="Id" />
                                                                                      </DefinedValue>
                                                                                      <DefinedValue>
                                                                                        <ColumnReference Database="[FastPayment_Root]" Schema="[dbo]" Table="[Banks]" Alias="[db]" Column="NameRus" />
                                                                                      </DefinedValue>
                                                                                    </DefinedValues>
                                                                                    <Object Database="[FastPayment_Root]" Schema="[dbo]" Table="[Banks]" Index="[PK_Banks]" Alias="[db]" IndexKind="Clustered" Storage="RowStore" />
                                                                                  </IndexScan>
                                                                                </RelOp>
                                                                                <RelOp AvgRowSize="16259" EstimateCPU="0.00400138" EstimateIO="0" EstimateRebinds="0" EstimateRewinds="0" EstimatedExecutionMode="Row" EstimateRows="40013.8" LogicalOp="Compute Scalar" NodeId="38" Parallel="false" PhysicalOp="Compute Scalar" EstimatedTotalSubtreeCost="374.766">
                                                                                  <OutputList>
                                                                                    <ColumnReference Database="[FastPayment_Root]" Schema="[dbo]" Table="[Transactions]" Alias="[t]" Column="Id" />
                                                                                    <ColumnReference Database="[FastPayment_Root]" Schema="[dbo]" Table="[Transactions]" Alias="[t]" Column="ExternalTransactionId" />
                                                                                    <ColumnReference Database="[FastPayment_Root]" Schema="[dbo]" Table="[Transactions]" Alias="[t]" Column="EndToEndId" />
                                                                                    <ColumnReference Database="[FastPayment_Root]" Schema="[dbo]" Table="[Transactions]" Alias="[t]" Column="CreditorBankId" />
                                                                                    <ColumnReference Database="[FastPayment_Root]" Schema="[dbo]" Table="[Transactions]" Alias="[t]" Column="DebitorBankId" />
                                                                                    <ColumnReference Database="[FastPayment_Root]" Schema="[dbo]" Table="[Types]" Alias="[ts]" Column="ShortName" />
                                                                                    <ColumnReference Database="[FastPayment_Root]" Schema="[dbo]" Table="[Types]" Alias="[ttp]" Column="FullName" />
                                                                                    <ColumnReference Database="[FastPayment_Root]" Schema="[dbo]" Table="[TransactionOrders]" Alias="[tro]" Column="DebitorId" />
                                                                                    <ColumnReference Database="[FastPayment_Root]" Schema="[dbo]" Table="[TransactionOrders]" Alias="[tro]" Column="CreditorId" />
                                                                                    <ColumnReference Database="[FastPayment_Root]" Schema="[dbo]" Table="[TransactionOrders]" Alias="[tro]" Column="TransactionId" />
                                                                                    <ColumnReference Column="Expr1018" />
                                                                                    <ColumnReference Column="Expr1020" />
                                                                                  </OutputList>
                                                                                  <ComputeScalar>
                                                                                    <DefinedValues>
                                                                                      <DefinedValue>
                                                                                        <ColumnReference Column="Expr1020" />
                                                                                        <ScalarOperator ScalarString="format([FastPayment_Root].[dbo].[TransactionOrders].[Amount] as [tro].[Amount]/(100.),N'F',N'ru-RU')">
                                                                                          <Intrinsic FunctionName="format">
                                                                                            <ScalarOperator>
                                                                                              <Arithmetic Operation="DIV">
                                                                                                <ScalarOperator>
                                                                                                  <Identifier>
                                                                                                    <ColumnReference Database="[FastPayment_Root]" Schema="[dbo]" Table="[TransactionOrders]" Alias="[tro]" Column="Amount" />
                                                                                                  </Identifier>
                                                                                                </ScalarOperator>
                                                                                                <ScalarOperator>
                                                                                                  <Const ConstValue="(100.)" />
                                                                                                </ScalarOperator>
                                                                                              </Arithmetic>
                                                                                            </ScalarOperator>
                                                                                            <ScalarOperator>
                                                                                              <Const ConstValue="N'F'" />
                                                                                            </ScalarOperator>
                                                                                            <ScalarOperator>
                                                                                              <Const ConstValue="N'ru-RU'" />
                                                                                            </ScalarOperator>
                                                                                          </Intrinsic>
                                                                                        </ScalarOperator>
                                                                                      </DefinedValue>
                                                                                    </DefinedValues>
                                                                                    <RelOp AvgRowSize="12266" EstimateCPU="0.167258" EstimateIO="0" EstimateRebinds="0" EstimateRewinds="0" EstimatedExecutionMode="Row" EstimateRows="40013.8" LogicalOp="Inner Join" NodeId="39" Parallel="false" PhysicalOp="Nested Loops" EstimatedTotalSubtreeCost="374.762">
                                                                                      <OutputList>
                                                                                        <ColumnReference Database="[FastPayment_Root]" Schema="[dbo]" Table="[Transactions]" Alias="[t]" Column="Id" />
                                                                                        <ColumnReference Database="[FastPayment_Root]" Schema="[dbo]" Table="[Transactions]" Alias="[t]" Column="ExternalTransactionId" />
                                                                                        <ColumnReference Database="[FastPayment_Root]" Schema="[dbo]" Table="[Transactions]" Alias="[t]" Column="EndToEndId" />
                                                                                        <ColumnReference Database="[FastPayment_Root]" Schema="[dbo]" Table="[Transactions]" Alias="[t]" Column="CreditorBankId" />
                                                                                        <ColumnReference Database="[FastPayment_Root]" Schema="[dbo]" Table="[Transactions]" Alias="[t]" Column="DebitorBankId" />
                                                                                        <ColumnReference Database="[FastPayment_Root]" Schema="[dbo]" Table="[Types]" Alias="[ts]" Column="ShortName" />
                                                                                        <ColumnReference Database="[FastPayment_Root]" Schema="[dbo]" Table="[Types]" Alias="[ttp]" Column="FullName" />
                                                                                        <ColumnReference Database="[FastPayment_Root]" Schema="[dbo]" Table="[TransactionOrders]" Alias="[tro]" Column="Amount" />
                                                                                        <ColumnReference Database="[FastPayment_Root]" Schema="[dbo]" Table="[TransactionOrders]" Alias="[tro]" Column="DebitorId" />
                                                                                        <ColumnReference Database="[FastPayment_Root]" Schema="[dbo]" Table="[TransactionOrders]" Alias="[tro]" Column="CreditorId" />
                                                                                        <ColumnReference Database="[FastPayment_Root]" Schema="[dbo]" Table="[TransactionOrders]" Alias="[tro]" Column="TransactionId" />
                                                                                        <ColumnReference Column="Expr1018" />
                                                                                      </OutputList>
                                                                                      <RunTimeInformation>
                                                                                        <RunTimeCountersPerThread Thread="0" ActualRows="30275" Batches="0" ActualEndOfScans="1" ActualExecutions="1" ActualExecutionMode="Row" ActualElapsedms="751" ActualCPUms="718" />
                                                                                      </RunTimeInformation>
                                                                                      <NestedLoops Optimized="false">
                                                                                        <PassThru>
                                                                                          <ScalarOperator ScalarString="[IsBaseRow1004] IS NULL">
                                                                                            <Compare CompareOp="IS">
                                                                                              <ScalarOperator>
                                                                                                <Identifier>
                                                                                                  <ColumnReference Column="IsBaseRow1004" />
                                                                                                </Identifier>
                                                                                              </ScalarOperator>
                                                                                              <ScalarOperator>
                                                                                                <Const ConstValue="NULL" />
                                                                                              </ScalarOperator>
                                                                                            </Compare>
                                                                                          </ScalarOperator>
                                                                                        </PassThru>
                                                                                        <OuterReferences>
                                                                                          <ColumnReference Database="[FastPayment_Root]" Schema="[dbo]" Table="[TransactionOrders]" Alias="[tro]" Column="Id" />
                                                                                        </OuterReferences>
                                                                                        <RelOp AvgRowSize="12206" EstimateCPU="0.167133" EstimateIO="0" EstimateRebinds="0" EstimateRewinds="0" EstimatedExecutionMode="Row" EstimateRows="40013.8" LogicalOp="Left Outer Join" NodeId="40" Parallel="false" PhysicalOp="Nested Loops" EstimatedTotalSubtreeCost="245.944">
                                                                                          <OutputList>
                                                                                            <ColumnReference Database="[FastPayment_Root]" Schema="[dbo]" Table="[Transactions]" Alias="[t]" Column="Id" />
                                                                                            <ColumnReference Database="[FastPayment_Root]" Schema="[dbo]" Table="[Transactions]" Alias="[t]" Column="ExternalTransactionId" />
                                                                                            <ColumnReference Database="[FastPayment_Root]" Schema="[dbo]" Table="[Transactions]" Alias="[t]" Column="EndToEndId" />
                                                                                            <ColumnReference Database="[FastPayment_Root]" Schema="[dbo]" Table="[Transactions]" Alias="[t]" Column="CreditorBankId" />
                                                                                            <ColumnReference Database="[FastPayment_Root]" Schema="[dbo]" Table="[Transactions]" Alias="[t]" Column="DebitorBankId" />
                                                                                            <ColumnReference Database="[FastPayment_Root]" Schema="[dbo]" Table="[Types]" Alias="[ts]" Column="ShortName" />
                                                                                            <ColumnReference Database="[FastPayment_Root]" Schema="[dbo]" Table="[Types]" Alias="[ttp]" Column="FullName" />
                                                                                            <ColumnReference Column="IsBaseRow1004" />
                                                                                            <ColumnReference Database="[FastPayment_Root]" Schema="[dbo]" Table="[TransactionOrders]" Alias="[tro]" Column="Id" />
                                                                                            <ColumnReference Database="[FastPayment_Root]" Schema="[dbo]" Table="[TransactionOrders]" Alias="[tro]" Column="TransactionId" />
                                                                                            <ColumnReference Column="Expr1018" />
                                                                                          </OutputList>
                                                                                          <MemoryFractions Input="0" Output="0.371598" />
                                                                                          <RunTimeInformation>
                                                                                            <RunTimeCountersPerThread Thread="0" ActualRows="30275" Batches="0" ActualEndOfScans="1" ActualExecutions="1" ActualExecutionMode="Row" ActualElapsedms="518" ActualCPUms="490" InputMemoryGrant="0" OutputMemoryGrant="294016" UsedMemoryGrant="9544" />
                                                                                          </RunTimeInformation>
                                                                                          <NestedLoops Optimized="true" WithUnorderedPrefetch="true">
                                                                                            <OuterReferences>
                                                                                              <ColumnReference Database="[FastPayment_Root]" Schema="[dbo]" Table="[Transactions]" Alias="[t]" Column="Id" />
                                                                                              <ColumnReference Column="Expr1028" />
                                                                                            </OuterReferences>
                                                                                            <RelOp AvgRowSize="12172" EstimateCPU="2.42392" EstimateIO="0" EstimateRebinds="0" EstimateRewinds="0" EstimatedExecutionMode="Row" EstimateRows="39865.3" LogicalOp="Right Outer Join" NodeId="43" Parallel="false" PhysicalOp="Hash Match" EstimatedTotalSubtreeCost="132.057">
                                                                                              <OutputList>
                                                                                                <ColumnReference Database="[FastPayment_Root]" Schema="[dbo]" Table="[Transactions]" Alias="[t]" Column="Id" />
                                                                                                <ColumnReference Database="[FastPayment_Root]" Schema="[dbo]" Table="[Transactions]" Alias="[t]" Column="ExternalTransactionId" />
                                                                                                <ColumnReference Database="[FastPayment_Root]" Schema="[dbo]" Table="[Transactions]" Alias="[t]" Column="EndToEndId" />
                                                                                                <ColumnReference Database="[FastPayment_Root]" Schema="[dbo]" Table="[Transactions]" Alias="[t]" Column="CreditorBankId" />
                                                                                                <ColumnReference Database="[FastPayment_Root]" Schema="[dbo]" Table="[Transactions]" Alias="[t]" Column="DebitorBankId" />
                                                                                                <ColumnReference Database="[FastPayment_Root]" Schema="[dbo]" Table="[Types]" Alias="[ts]" Column="ShortName" />
                                                                                                <ColumnReference Database="[FastPayment_Root]" Schema="[dbo]" Table="[Types]" Alias="[ttp]" Column="FullName" />
                                                                                                <ColumnReference Column="Expr1018" />
                                                                                              </OutputList>
                                                                                              <MemoryFractions Input="0.112445" Output="0.0506112" />
                                                                                              <RunTimeInformation>
                                                                                                <RunTimeCountersPerThread Thread="0" ActualRows="30275" Batches="0" ActualEndOfScans="1" ActualExecutions="1" ActualExecutionMode="Row" ActualElapsedms="232" ActualCPUms="224" ActualScans="0" ActualLogicalReads="0" ActualPhysicalReads="0" ActualReadAheads="0" ActualLobLogicalReads="0" ActualLobPhysicalReads="0" ActualLobReadAheads="0" InputMemoryGrant="89840" OutputMemoryGrant="40992" UsedMemoryGrant="656" />
                                                                                              </RunTimeInformation>
                                                                                              <Hash>
                                                                                                <DefinedValues />
                                                                                                <HashKeysBuild>
                                                                                                  <ColumnReference Database="[FastPayment_Root]" Schema="[dbo]" Table="[Types]" Alias="[tt]" Column="Id" />
                                                                                                </HashKeysBuild>
                                                                                                <HashKeysProbe>
                                                                                                  <ColumnReference Database="[FastPayment_Root]" Schema="[dbo]" Table="[Transactions]" Alias="[t]" Column="TypeId" />
                                                                                                </HashKeysProbe>
                                                                                                <ProbeResidual>
                                                                                                  <ScalarOperator ScalarString="[FastPayment_Root].[dbo].[Types].[Id] as [tt].[Id]=[FastPayment_Root].[dbo].[Transactions].[TypeId] as [t].[TypeId]">
                                                                                                    <Compare CompareOp="EQ">
                                                                                                      <ScalarOperator>
                                                                                                        <Identifier>
                                                                                                          <ColumnReference Database="[FastPayment_Root]" Schema="[dbo]" Table="[Types]" Alias="[tt]" Column="Id" />
                                                                                                        </Identifier>
                                                                                                      </ScalarOperator>
                                                                                                      <ScalarOperator>
                                                                                                        <Identifier>
                                                                                                          <ColumnReference Database="[FastPayment_Root]" Schema="[dbo]" Table="[Transactions]" Alias="[t]" Column="TypeId" />
                                                                                                        </Identifier>
                                                                                                      </ScalarOperator>
                                                                                                    </Compare>
                                                                                                  </ScalarOperator>
                                                                                                </ProbeResidual>
                                                                                                <RelOp AvgRowSize="4051" EstimateCPU="0.0089282" EstimateIO="0" EstimateRebinds="0" EstimateRewinds="0" EstimatedExecutionMode="Row" EstimateRows="774" LogicalOp="Right Outer Join" NodeId="44" Parallel="false" PhysicalOp="Merge Join" EstimatedTotalSubtreeCost="0.0357165">
                                                                                                  <OutputList>
                                                                                                    <ColumnReference Database="[FastPayment_Root]" Schema="[dbo]" Table="[Types]" Alias="[tt]" Column="Id" />
                                                                                                    <ColumnReference Database="[FastPayment_Root]" Schema="[dbo]" Table="[Types]" Alias="[ttp]" Column="FullName" />
                                                                                                  </OutputList>
                                                                                                  <RunTimeInformation>
                                                                                                    <RunTimeCountersPerThread Thread="0" ActualRows="774" Batches="0" ActualEndOfScans="1" ActualExecutions="1" ActualExecutionMode="Row" ActualElapsedms="0" ActualCPUms="0" ActualScans="0" ActualLogicalReads="0" ActualPhysicalReads="0" ActualReadAheads="0" ActualLobLogicalReads="0" ActualLobPhysicalReads="0" ActualLobReadAheads="0" />
                                                                                                  </RunTimeInformation>
                                                                                                  <Merge ManyToMany="false">
                                                                                                    <InnerSideJoinColumns>
                                                                                                      <ColumnReference Database="[FastPayment_Root]" Schema="[dbo]" Table="[Types]" Alias="[tt]" Column="ParentId" />
                                                                                                    </InnerSideJoinColumns>
                                                                                                    <OuterSideJoinColumns>
                                                                                                      <ColumnReference Database="[FastPayment_Root]" Schema="[dbo]" Table="[Types]" Alias="[ttp]" Column="Id" />
                                                                                                    </OuterSideJoinColumns>
                                                                                                    <Residual>
                                                                                                      <ScalarOperator ScalarString="[FastPayment_Root].[dbo].[Types].[Id] as [ttp].[Id]=[FastPayment_Root].[dbo].[Types].[ParentId] as [tt].[ParentId]">
                                                                                                        <Compare CompareOp="EQ">
                                                                                                          <ScalarOperator>
                                                                                                            <Identifier>
                                                                                                              <ColumnReference Database="[FastPayment_Root]" Schema="[dbo]" Table="[Types]" Alias="[ttp]" Column="Id" />
                                                                                                            </Identifier>
                                                                                                          </ScalarOperator>
                                                                                                          <ScalarOperator>
                                                                                                            <Identifier>
                                                                                                              <ColumnReference Database="[FastPayment_Root]" Schema="[dbo]" Table="[Types]" Alias="[tt]" Column="ParentId" />
                                                                                                            </Identifier>
                                                                                                          </ScalarOperator>
                                                                                                        </Compare>
                                                                                                      </ScalarOperator>
                                                                                                    </Residual>
                                                                                                    <RelOp AvgRowSize="4051" EstimateCPU="0.0010084" EstimateIO="0.0179398" EstimateRebinds="0" EstimateRewinds="0" EstimatedExecutionMode="Row" EstimateRows="774" LogicalOp="Clustered Index Scan" NodeId="45" Parallel="false" PhysicalOp="Clustered Index Scan" EstimatedTotalSubtreeCost="0.0189482" TableCardinality="774">
                                                                                                      <OutputList>
                                                                                                        <ColumnReference Database="[FastPayment_Root]" Schema="[dbo]" Table="[Types]" Alias="[ttp]" Column="Id" />
                                                                                                        <ColumnReference Database="[FastPayment_Root]" Schema="[dbo]" Table="[Types]" Alias="[ttp]" Column="FullName" />
                                                                                                      </OutputList>
                                                                                                      <RunTimeInformation>
                                                                                                        <RunTimeCountersPerThread Thread="0" ActualRows="763" ActualRowsRead="763" Batches="0" ActualEndOfScans="0" ActualExecutions="1" ActualExecutionMode="Row" ActualElapsedms="0" ActualCPUms="0" ActualScans="1" ActualLogicalReads="23" ActualPhysicalReads="0" ActualReadAheads="0" ActualLobLogicalReads="0" ActualLobPhysicalReads="0" ActualLobReadAheads="0" />
                                                                                                      </RunTimeInformation>
                                                                                                      <IndexScan Ordered="true" ScanDirection="FORWARD" ForcedIndex="false" ForceSeek="false" ForceScan="false" NoExpandHint="false" Storage="RowStore">
                                                                                                        <DefinedValues>
                                                                                                          <DefinedValue>
                                                                                                            <ColumnReference Database="[FastPayment_Root]" Schema="[dbo]" Table="[Types]" Alias="[ttp]" Column="Id" />
                                                                                                          </DefinedValue>
                                                                                                          <DefinedValue>
                                                                                                            <ColumnReference Database="[FastPayment_Root]" Schema="[dbo]" Table="[Types]" Alias="[ttp]" Column="FullName" />
                                                                                                          </DefinedValue>
                                                                                                        </DefinedValues>
                                                                                                        <Object Database="[FastPayment_Root]" Schema="[dbo]" Table="[Types]" Index="[PK_Types]" Alias="[ttp]" IndexKind="Clustered" Storage="RowStore" />
                                                                                                      </IndexScan>
                                                                                                    </RelOp>
                                                                                                    <RelOp AvgRowSize="39" EstimateCPU="0.0010084" EstimateIO="0.0068287" EstimateRebinds="0" EstimateRewinds="0" EstimatedExecutionMode="Row" EstimateRows="774" LogicalOp="Index Scan" NodeId="46" Parallel="false" PhysicalOp="Index Scan" EstimatedTotalSubtreeCost="0.0078371" TableCardinality="774">
                                                                                                      <OutputList>
                                                                                                        <ColumnReference Database="[FastPayment_Root]" Schema="[dbo]" Table="[Types]" Alias="[tt]" Column="Id" />
                                                                                                        <ColumnReference Database="[FastPayment_Root]" Schema="[dbo]" Table="[Types]" Alias="[tt]" Column="ParentId" />
                                                                                                      </OutputList>
                                                                                                      <RunTimeInformation>
                                                                                                        <RunTimeCountersPerThread Thread="0" ActualRows="774" ActualRowsRead="774" Batches="0" ActualEndOfScans="1" ActualExecutions="1" ActualExecutionMode="Row" ActualElapsedms="0" ActualCPUms="0" ActualScans="1" ActualLogicalReads="8" ActualPhysicalReads="0" ActualReadAheads="0" ActualLobLogicalReads="0" ActualLobPhysicalReads="0" ActualLobReadAheads="0" />
                                                                                                      </RunTimeInformation>
                                                                                                      <IndexScan Ordered="true" ScanDirection="FORWARD" ForcedIndex="false" ForceSeek="false" ForceScan="false" NoExpandHint="false" Storage="RowStore">
                                                                                                        <DefinedValues>
                                                                                                          <DefinedValue>
                                                                                                            <ColumnReference Database="[FastPayment_Root]" Schema="[dbo]" Table="[Types]" Alias="[tt]" Column="Id" />
                                                                                                          </DefinedValue>
                                                                                                          <DefinedValue>
                                                                                                            <ColumnReference Database="[FastPayment_Root]" Schema="[dbo]" Table="[Types]" Alias="[tt]" Column="ParentId" />
                                                                                                          </DefinedValue>
                                                                                                        </DefinedValues>
                                                                                                        <Object Database="[FastPayment_Root]" Schema="[dbo]" Table="[Types]" Index="[IX_FK_TypeType]" Alias="[tt]" IndexKind="NonClustered" Storage="RowStore" />
                                                                                                      </IndexScan>
                                                                                                    </RelOp>
                                                                                                  </Merge>
                                                                                                </RelOp>
                                                                                                <RelOp AvgRowSize="8162" EstimateCPU="0.166637" EstimateIO="0" EstimateRebinds="0" EstimateRewinds="0" EstimatedExecutionMode="Row" EstimateRows="39865.3" LogicalOp="Inner Join" NodeId="47" Parallel="false" PhysicalOp="Nested Loops" EstimatedTotalSubtreeCost="129.597">
                                                                                                  <OutputList>
                                                                                                    <ColumnReference Database="[FastPayment_Root]" Schema="[dbo]" Table="[Transactions]" Alias="[t]" Column="Id" />
                                                                                                    <ColumnReference Database="[FastPayment_Root]" Schema="[dbo]" Table="[Transactions]" Alias="[t]" Column="TypeId" />
                                                                                                    <ColumnReference Database="[FastPayment_Root]" Schema="[dbo]" Table="[Transactions]" Alias="[t]" Column="ExternalTransactionId" />
                                                                                                    <ColumnReference Database="[FastPayment_Root]" Schema="[dbo]" Table="[Transactions]" Alias="[t]" Column="EndToEndId" />
                                                                                                    <ColumnReference Database="[FastPayment_Root]" Schema="[dbo]" Table="[Transactions]" Alias="[t]" Column="CreditorBankId" />
                                                                                                    <ColumnReference Database="[FastPayment_Root]" Schema="[dbo]" Table="[Transactions]" Alias="[t]" Column="DebitorBankId" />
                                                                                                    <ColumnReference Database="[FastPayment_Root]" Schema="[dbo]" Table="[Types]" Alias="[ts]" Column="ShortName" />
                                                                                                    <ColumnReference Column="Expr1018" />
                                                                                                  </OutputList>
                                                                                                  <RunTimeInformation>
                                                                                                    <RunTimeCountersPerThread Thread="0" ActualRows="30275" Batches="0" ActualEndOfScans="1" ActualExecutions="1" ActualExecutionMode="Row" ActualElapsedms="213" ActualCPUms="205" />
                                                                                                  </RunTimeInformation>
                                                                                                  <NestedLoops Optimized="false">
                                                                                                    <RelOp AvgRowSize="4035" EstimateCPU="0.0001581" EstimateIO="0.003125" EstimateRebinds="0" EstimateRewinds="0" EstimatedExecutionMode="Row" EstimateRows="1" LogicalOp="Clustered Index Seek" NodeId="48" Parallel="false" PhysicalOp="Clustered Index Seek" EstimatedTotalSubtreeCost="0.0032831" TableCardinality="774">
                                                                                                      <OutputList>
                                                                                                        <ColumnReference Database="[FastPayment_Root]" Schema="[dbo]" Table="[Types]" Alias="[ts]" Column="ShortName" />
                                                                                                      </OutputList>
                                                                                                      <RunTimeInformation>
                                                                                                        <RunTimeCountersPerThread Thread="0" ActualRows="1" ActualRowsRead="1" Batches="0" ActualEndOfScans="1" ActualExecutions="1" ActualExecutionMode="Row" ActualElapsedms="0" ActualCPUms="0" ActualScans="0" ActualLogicalReads="2" ActualPhysicalReads="0" ActualReadAheads="0" ActualLobLogicalReads="0" ActualLobPhysicalReads="0" ActualLobReadAheads="0" />
                                                                                                      </RunTimeInformation>
                                                                                                      <IndexScan Ordered="true" ScanDirection="FORWARD" ForcedIndex="false" ForceSeek="false" ForceScan="false" NoExpandHint="false" Storage="RowStore">
                                                                                                        <DefinedValues>
                                                                                                          <DefinedValue>
                                                                                                            <ColumnReference Database="[FastPayment_Root]" Schema="[dbo]" Table="[Types]" Alias="[ts]" Column="ShortName" />
                                                                                                          </DefinedValue>
                                                                                                        </DefinedValues>
                                                                                                        <Object Database="[FastPayment_Root]" Schema="[dbo]" Table="[Types]" Index="[PK_Types]" Alias="[ts]" IndexKind="Clustered" Storage="RowStore" />
                                                                                                        <SeekPredicates>
                                                                                                          <SeekPredicateNew>
                                                                                                            <SeekKeys>
                                                                                                              <Prefix ScanType="EQ">
                                                                                                                <RangeColumns>
                                                                                                                  <ColumnReference Database="[FastPayment_Root]" Schema="[dbo]" Table="[Types]" Alias="[ts]" Column="Id" />
                                                                                                                </RangeColumns>
                                                                                                                <RangeExpressions>
                                                                                                                  <ScalarOperator ScalarString="{guid'092032A6-0473-4438-8AF1-BA042DDCCA0A'}">
                                                                                                                    <Const ConstValue="{guid'092032A6-0473-4438-8AF1-BA042DDCCA0A'}" />
                                                                                                                  </ScalarOperator>
                                                                                                                </RangeExpressions>
                                                                                                              </Prefix>
                                                                                                            </SeekKeys>
                                                                                                          </SeekPredicateNew>
                                                                                                        </SeekPredicates>
                                                                                                      </IndexScan>
                                                                                                    </RelOp>
                                                                                                    <RelOp AvgRowSize="4136" EstimateCPU="0.00398653" EstimateIO="0" EstimateRebinds="0" EstimateRewinds="0" EstimatedExecutionMode="Row" EstimateRows="39865.3" LogicalOp="Compute Scalar" NodeId="49" Parallel="false" PhysicalOp="Compute Scalar" EstimatedTotalSubtreeCost="129.427">
                                                                                                      <OutputList>
                                                                                                        <ColumnReference Database="[FastPayment_Root]" Schema="[dbo]" Table="[Transactions]" Alias="[t]" Column="Id" />
                                                                                                        <ColumnReference Database="[FastPayment_Root]" Schema="[dbo]" Table="[Transactions]" Alias="[t]" Column="TypeId" />
                                                                                                        <ColumnReference Database="[FastPayment_Root]" Schema="[dbo]" Table="[Transactions]" Alias="[t]" Column="ExternalTransactionId" />
                                                                                                        <ColumnReference Database="[FastPayment_Root]" Schema="[dbo]" Table="[Transactions]" Alias="[t]" Column="EndToEndId" />
                                                                                                        <ColumnReference Database="[FastPayment_Root]" Schema="[dbo]" Table="[Transactions]" Alias="[t]" Column="CreditorBankId" />
                                                                                                        <ColumnReference Database="[FastPayment_Root]" Schema="[dbo]" Table="[Transactions]" Alias="[t]" Column="DebitorBankId" />
                                                                                                        <ColumnReference Column="Expr1018" />
                                                                                                      </OutputList>
                                                                                                      <ComputeScalar>
                                                                                                        <DefinedValues>
                                                                                                          <DefinedValue>
                                                                                                            <ColumnReference Column="Expr1018" />
                                                                                                            <ScalarOperator ScalarString="CONVERT(date,dateadd(hour,(5),[FastPayment_Root].[dbo].[Transactions].[DateOn] as [t].[DateOn]),0)">
                                                                                                              <Convert DataType="date" Style="0" Implicit="false">
                                                                                                                <ScalarOperator>
                                                                                                                  <Intrinsic FunctionName="dateadd">
                                                                                                                    <ScalarOperator>
                                                                                                                      <Const ConstValue="(6)" />
                                                                                                                    </ScalarOperator>
                                                                                                                    <ScalarOperator>
                                                                                                                      <Const ConstValue="(5)" />
                                                                                                                    </ScalarOperator>
                                                                                                                    <ScalarOperator>
                                                                                                                      <Identifier>
                                                                                                                        <ColumnReference Database="[FastPayment_Root]" Schema="[dbo]" Table="[Transactions]" Alias="[t]" Column="DateOn" />
                                                                                                                      </Identifier>
                                                                                                                    </ScalarOperator>
                                                                                                                  </Intrinsic>
                                                                                                                </ScalarOperator>
                                                                                                              </Convert>
                                                                                                            </ScalarOperator>
                                                                                                          </DefinedValue>
                                                                                                        </DefinedValues>
                                                                                                        <RelOp AvgRowSize="4141" EstimateCPU="0.166637" EstimateIO="0" EstimateRebinds="0" EstimateRewinds="0" EstimatedExecutionMode="Row" EstimateRows="39865.3" LogicalOp="Inner Join" NodeId="50" Parallel="false" PhysicalOp="Nested Loops" EstimatedTotalSubtreeCost="129.423">
                                                                                                          <OutputList>
                                                                                                            <ColumnReference Database="[FastPayment_Root]" Schema="[dbo]" Table="[Transactions]" Alias="[t]" Column="Id" />
                                                                                                            <ColumnReference Database="[FastPayment_Root]" Schema="[dbo]" Table="[Transactions]" Alias="[t]" Column="DateOn" />
                                                                                                            <ColumnReference Database="[FastPayment_Root]" Schema="[dbo]" Table="[Transactions]" Alias="[t]" Column="TypeId" />
                                                                                                            <ColumnReference Database="[FastPayment_Root]" Schema="[dbo]" Table="[Transactions]" Alias="[t]" Column="ExternalTransactionId" />
                                                                                                            <ColumnReference Database="[FastPayment_Root]" Schema="[dbo]" Table="[Transactions]" Alias="[t]" Column="EndToEndId" />
                                                                                                            <ColumnReference Database="[FastPayment_Root]" Schema="[dbo]" Table="[Transactions]" Alias="[t]" Column="CreditorBankId" />
                                                                                                            <ColumnReference Database="[FastPayment_Root]" Schema="[dbo]" Table="[Transactions]" Alias="[t]" Column="DebitorBankId" />
                                                                                                          </OutputList>
                                                                                                          <MemoryFractions Input="0" Output="0.253542" />
                                                                                                          <RunTimeInformation>
                                                                                                            <RunTimeCountersPerThread Thread="0" ActualRows="30275" Batches="0" ActualEndOfScans="1" ActualExecutions="1" ActualExecutionMode="Row" ActualElapsedms="211" ActualCPUms="204" InputMemoryGrant="0" OutputMemoryGrant="200768" UsedMemoryGrant="3832" />
                                                                                                          </RunTimeInformation>
                                                                                                          <NestedLoops Optimized="true" WithUnorderedPrefetch="true">
                                                                                                            <OuterReferences>
                                                                                                              <ColumnReference Database="[FastPayment_Root]" Schema="[dbo]" Table="[Transactions]" Alias="[t]" Column="Id" />
                                                                                                              <ColumnReference Column="Expr1027" />
                                                                                                            </OuterReferences>
                                                                                                            <RelOp AvgRowSize="4075" EstimateCPU="0.0440089" EstimateIO="0.304606" EstimateRebinds="0" EstimateRewinds="0" EstimatedExecutionMode="Row" EstimateRows="39865.3" LogicalOp="Index Seek" NodeId="53" Parallel="false" PhysicalOp="Index Seek" EstimatedTotalSubtreeCost="0.348615" TableCardinality="21534800">
                                                                                                              <OutputList>
                                                                                                                <ColumnReference Database="[FastPayment_Root]" Schema="[dbo]" Table="[Transactions]" Alias="[t]" Column="Id" />
                                                                                                                <ColumnReference Database="[FastPayment_Root]" Schema="[dbo]" Table="[Transactions]" Alias="[t]" Column="DateOn" />
                                                                                                                <ColumnReference Database="[FastPayment_Root]" Schema="[dbo]" Table="[Transactions]" Alias="[t]" Column="EndToEndId" />
                                                                                                                <ColumnReference Database="[FastPayment_Root]" Schema="[dbo]" Table="[Transactions]" Alias="[t]" Column="CreditorBankId" />
                                                                                                              </OutputList>
                                                                                                              <RunTimeInformation>
                                                                                                                <RunTimeCountersPerThread Thread="0" ActualRows="30275" ActualRowsRead="30275" Batches="0" ActualEndOfScans="1" ActualExecutions="1" ActualExecutionMode="Row" ActualElapsedms="5" ActualCPUms="5" ActualScans="1" ActualLogicalReads="307" ActualPhysicalReads="0" ActualReadAheads="0" ActualLobLogicalReads="0" ActualLobPhysicalReads="0" ActualLobReadAheads="0" />
                                                                                                              </RunTimeInformation>
                                                                                                              <IndexScan Ordered="true" ScanDirection="FORWARD" ForcedIndex="false" ForceSeek="false" ForceScan="false" NoExpandHint="false" Storage="RowStore">
                                                                                                                <DefinedValues>
                                                                                                                  <DefinedValue>
                                                                                                                    <ColumnReference Database="[FastPayment_Root]" Schema="[dbo]" Table="[Transactions]" Alias="[t]" Column="Id" />
                                                                                                                  </DefinedValue>
                                                                                                                  <DefinedValue>
                                                                                                                    <ColumnReference Database="[FastPayment_Root]" Schema="[dbo]" Table="[Transactions]" Alias="[t]" Column="DateOn" />
                                                                                                                  </DefinedValue>
                                                                                                                  <DefinedValue>
                                                                                                                    <ColumnReference Database="[FastPayment_Root]" Schema="[dbo]" Table="[Transactions]" Alias="[t]" Column="EndToEndId" />
                                                                                                                  </DefinedValue>
                                                                                                                  <DefinedValue>
                                                                                                                    <ColumnReference Database="[FastPayment_Root]" Schema="[dbo]" Table="[Transactions]" Alias="[t]" Column="CreditorBankId" />
                                                                                                                  </DefinedValue>
                                                                                                                </DefinedValues>
                                                                                                                <Object Database="[FastPayment_Root]" Schema="[dbo]" Table="[Transactions]" Index="[_dta_index_Transactions_9_565577053__K11_K6_K14_K1_10]" Alias="[t]" IndexKind="NonClustered" Storage="RowStore" />
                                                                                                                <SeekPredicates>
                                                                                                                  <SeekPredicateNew>
                                                                                                                    <SeekKeys>
                                                                                                                      <Prefix ScanType="EQ">
                                                                                                                        <RangeColumns>
                                                                                                                          <ColumnReference Database="[FastPayment_Root]" Schema="[dbo]" Table="[Transactions]" Alias="[t]" Column="StateId" />
                                                                                                                        </RangeColumns>
                                                                                                                        <RangeExpressions>
                                                                                                                          <ScalarOperator ScalarString="{guid'092032A6-0473-4438-8AF1-BA042DDCCA0A'}">
                                                                                                                            <Const ConstValue="{guid'092032A6-0473-4438-8AF1-BA042DDCCA0A'}" />
                                                                                                                          </ScalarOperator>
                                                                                                                        </RangeExpressions>
                                                                                                                      </Prefix>
                                                                                                                      <StartRange ScanType="GE">
                                                                                                                        <RangeColumns>
                                                                                                                          <ColumnReference Database="[FastPayment_Root]" Schema="[dbo]" Table="[Transactions]" Alias="[t]" Column="DateOn" />
                                                                                                                        </RangeColumns>
                                                                                                                        <RangeExpressions>
                                                                                                                          <ScalarOperator ScalarString="'2023-02-01 00:00:00.000'">
                                                                                                                            <Const ConstValue="'2023-02-01 00:00:00.000'" />
                                                                                                                          </ScalarOperator>
                                                                                                                        </RangeExpressions>
                                                                                                                      </StartRange>
                                                                                                                      <EndRange ScanType="LE">
                                                                                                                        <RangeColumns>
                                                                                                                          <ColumnReference Database="[FastPayment_Root]" Schema="[dbo]" Table="[Transactions]" Alias="[t]" Column="DateOn" />
                                                                                                                        </RangeColumns>
                                                                                                                        <RangeExpressions>
                                                                                                                          <ScalarOperator ScalarString="'2023-02-02 00:00:00.000'">
                                                                                                                            <Const ConstValue="'2023-02-02 00:00:00.000'" />
                                                                                                                          </ScalarOperator>
                                                                                                                        </RangeExpressions>
                                                                                                                      </EndRange>
                                                                                                                    </SeekKeys>
                                                                                                                  </SeekPredicateNew>
                                                                                                                </SeekPredicates>
                                                                                                              </IndexScan>
                                                                                                            </RelOp>
                                                                                                            <RelOp AvgRowSize="75" EstimateCPU="0.0001581" EstimateIO="0.003125" EstimateRebinds="39864.3" EstimateRewinds="0" EstimatedExecutionMode="Row" EstimateRows="1" LogicalOp="Clustered Index Seek" NodeId="55" Parallel="false" PhysicalOp="Clustered Index Seek" EstimatedTotalSubtreeCost="128.908" TableCardinality="21534800">
                                                                                                              <OutputList>
                                                                                                                <ColumnReference Database="[FastPayment_Root]" Schema="[dbo]" Table="[Transactions]" Alias="[t]" Column="TypeId" />
                                                                                                                <ColumnReference Database="[FastPayment_Root]" Schema="[dbo]" Table="[Transactions]" Alias="[t]" Column="ExternalTransactionId" />
                                                                                                                <ColumnReference Database="[FastPayment_Root]" Schema="[dbo]" Table="[Transactions]" Alias="[t]" Column="DebitorBankId" />
                                                                                                              </OutputList>
                                                                                                              <RunTimeInformation>
                                                                                                                <RunTimeCountersPerThread Thread="0" ActualRows="30275" ActualRowsRead="30275" Batches="0" ActualEndOfScans="0" ActualExecutions="30275" ActualExecutionMode="Row" ActualElapsedms="135" ActualCPUms="128" ActualScans="0" ActualLogicalReads="115217" ActualPhysicalReads="13" ActualReadAheads="0" ActualLobLogicalReads="0" ActualLobPhysicalReads="0" ActualLobReadAheads="0" />
                                                                                                              </RunTimeInformation>
                                                                                                              <IndexScan Lookup="true" Ordered="true" ScanDirection="FORWARD" ForcedIndex="false" ForceSeek="false" ForceScan="false" NoExpandHint="false" Storage="RowStore">
                                                                                                                <DefinedValues>
                                                                                                                  <DefinedValue>
                                                                                                                    <ColumnReference Database="[FastPayment_Root]" Schema="[dbo]" Table="[Transactions]" Alias="[t]" Column="TypeId" />
                                                                                                                  </DefinedValue>
                                                                                                                  <DefinedValue>
                                                                                                                    <ColumnReference Database="[FastPayment_Root]" Schema="[dbo]" Table="[Transactions]" Alias="[t]" Column="ExternalTransactionId" />
                                                                                                                  </DefinedValue>
                                                                                                                  <DefinedValue>
                                                                                                                    <ColumnReference Database="[FastPayment_Root]" Schema="[dbo]" Table="[Transactions]" Alias="[t]" Column="DebitorBankId" />
                                                                                                                  </DefinedValue>
                                                                                                                </DefinedValues>
                                                                                                                <Object Database="[FastPayment_Root]" Schema="[dbo]" Table="[Transactions]" Index="[PK_Transactions]" Alias="[t]" TableReferenceId="-1" IndexKind="Clustered" Storage="RowStore" />
                                                                                                                <SeekPredicates>
                                                                                                                  <SeekPredicateNew>
                                                                                                                    <SeekKeys>
                                                                                                                      <Prefix ScanType="EQ">
                                                                                                                        <RangeColumns>
                                                                                                                          <ColumnReference Database="[FastPayment_Root]" Schema="[dbo]" Table="[Transactions]" Alias="[t]" Column="Id" />
                                                                                                                        </RangeColumns>
                                                                                                                        <RangeExpressions>
                                                                                                                          <ScalarOperator ScalarString="[FastPayment_Root].[dbo].[Transactions].[Id] as [t].[Id]">
                                                                                                                            <Identifier>
                                                                                                                              <ColumnReference Database="[FastPayment_Root]" Schema="[dbo]" Table="[Transactions]" Alias="[t]" Column="Id" />
                                                                                                                            </Identifier>
                                                                                                                          </ScalarOperator>
                                                                                                                        </RangeExpressions>
                                                                                                                      </Prefix>
                                                                                                                    </SeekKeys>
                                                                                                                  </SeekPredicateNew>
                                                                                                                </SeekPredicates>
                                                                                                              </IndexScan>
                                                                                                            </RelOp>
                                                                                                          </NestedLoops>
                                                                                                        </RelOp>
                                                                                                      </ComputeScalar>
                                                                                                    </RelOp>
                                                                                                  </NestedLoops>
                                                                                                </RelOp>
                                                                                              </Hash>
                                                                                            </RelOp>
                                                                                            <RelOp AvgRowSize="40" EstimateCPU="0.000158103" EstimateIO="0.003125" EstimateRebinds="39864.3" EstimateRewinds="0" EstimatedExecutionMode="Row" EstimateRows="1.00298" LogicalOp="Index Seek" NodeId="56" Parallel="false" PhysicalOp="Index Seek" EstimatedTotalSubtreeCost="113.72" TableCardinality="18095600">
                                                                                              <OutputList>
                                                                                                <ColumnReference Column="IsBaseRow1004" />
                                                                                                <ColumnReference Database="[FastPayment_Root]" Schema="[dbo]" Table="[TransactionOrders]" Alias="[tro]" Column="Id" />
                                                                                                <ColumnReference Database="[FastPayment_Root]" Schema="[dbo]" Table="[TransactionOrders]" Alias="[tro]" Column="TransactionId" />
                                                                                              </OutputList>
                                                                                              <RunTimeInformation>
                                                                                                <RunTimeCountersPerThread Thread="0" ActualRows="30240" ActualRowsRead="30240" Batches="0" ActualEndOfScans="30275" ActualExecutions="30275" ActualExecutionMode="Row" ActualElapsedms="193" ActualCPUms="172" ActualScans="30275" ActualLogicalReads="121534" ActualPhysicalReads="33" ActualReadAheads="0" ActualLobLogicalReads="0" ActualLobPhysicalReads="0" ActualLobReadAheads="0" />
                                                                                              </RunTimeInformation>
                                                                                              <IndexScan Ordered="true" ScanDirection="FORWARD" ForcedIndex="false" ForceSeek="false" ForceScan="false" NoExpandHint="false" Storage="RowStore">
                                                                                                <DefinedValues>
                                                                                                  <DefinedValue>
                                                                                                    <ColumnReference Column="IsBaseRow1004" />
                                                                                                  </DefinedValue>
                                                                                                  <DefinedValue>
                                                                                                    <ColumnReference Database="[FastPayment_Root]" Schema="[dbo]" Table="[TransactionOrders]" Alias="[tro]" Column="Id" />
                                                                                                  </DefinedValue>
                                                                                                  <DefinedValue>
                                                                                                    <ColumnReference Database="[FastPayment_Root]" Schema="[dbo]" Table="[TransactionOrders]" Alias="[tro]" Column="TransactionId" />
                                                                                                  </DefinedValue>
                                                                                                </DefinedValues>
                                                                                                <Object Database="[FastPayment_Root]" Schema="[dbo]" Table="[TransactionOrders]" Index="[IX_FK_TransactionTransactionOrder]" Alias="[tro]" IndexKind="NonClustered" Storage="RowStore" />
                                                                                                <SeekPredicates>
                                                                                                  <SeekPredicateNew>
                                                                                                    <SeekKeys>
                                                                                                      <Prefix ScanType="EQ">
                                                                                                        <RangeColumns>
                                                                                                          <ColumnReference Database="[FastPayment_Root]" Schema="[dbo]" Table="[TransactionOrders]" Alias="[tro]" Column="TransactionId" />
                                                                                                        </RangeColumns>
                                                                                                        <RangeExpressions>
                                                                                                          <ScalarOperator ScalarString="[FastPayment_Root].[dbo].[Transactions].[Id] as [t].[Id]">
                                                                                                            <Identifier>
                                                                                                              <ColumnReference Database="[FastPayment_Root]" Schema="[dbo]" Table="[Transactions]" Alias="[t]" Column="Id" />
                                                                                                            </Identifier>
                                                                                                          </ScalarOperator>
                                                                                                        </RangeExpressions>
                                                                                                      </Prefix>
                                                                                                    </SeekKeys>
                                                                                                  </SeekPredicateNew>
                                                                                                </SeekPredicates>
                                                                                              </IndexScan>
                                                                                            </RelOp>
                                                                                          </NestedLoops>
                                                                                        </RelOp>
                                                                                        <RelOp AvgRowSize="86" EstimateCPU="0.0001581" EstimateIO="0.003125" EstimateRebinds="40012.8" EstimateRewinds="0.0213609" EstimatedExecutionMode="Row" EstimateRows="1" LogicalOp="Clustered Index Seek" NodeId="58" Parallel="false" PhysicalOp="Clustered Index Seek" EstimatedTotalSubtreeCost="128.638" TableCardinality="18095600">
                                                                                          <OutputList>
                                                                                            <ColumnReference Database="[FastPayment_Root]" Schema="[dbo]" Table="[TransactionOrders]" Alias="[tro]" Column="Amount" />
                                                                                            <ColumnReference Database="[FastPayment_Root]" Schema="[dbo]" Table="[TransactionOrders]" Alias="[tro]" Column="DebitorId" />
                                                                                            <ColumnReference Database="[FastPayment_Root]" Schema="[dbo]" Table="[TransactionOrders]" Alias="[tro]" Column="CreditorId" />
                                                                                          </OutputList>
                                                                                          <RunTimeInformation>
                                                                                            <RunTimeCountersPerThread Thread="0" ActualRows="30240" ActualRowsRead="30240" Batches="0" ActualEndOfScans="0" ActualExecutions="30240" ActualExecutionMode="Row" ActualElapsedms="216" ActualCPUms="211" ActualScans="0" ActualLogicalReads="120960" ActualPhysicalReads="9" ActualReadAheads="0" ActualLobLogicalReads="0" ActualLobPhysicalReads="0" ActualLobReadAheads="0" />
                                                                                          </RunTimeInformation>
                                                                                          <IndexScan Lookup="true" Ordered="true" ScanDirection="FORWARD" ForcedIndex="false" ForceSeek="false" ForceScan="false" NoExpandHint="false" Storage="RowStore">
                                                                                            <DefinedValues>
                                                                                              <DefinedValue>
                                                                                                <ColumnReference Database="[FastPayment_Root]" Schema="[dbo]" Table="[TransactionOrders]" Alias="[tro]" Column="Amount" />
                                                                                              </DefinedValue>
                                                                                              <DefinedValue>
                                                                                                <ColumnReference Database="[FastPayment_Root]" Schema="[dbo]" Table="[TransactionOrders]" Alias="[tro]" Column="DebitorId" />
                                                                                              </DefinedValue>
                                                                                              <DefinedValue>
                                                                                                <ColumnReference Database="[FastPayment_Root]" Schema="[dbo]" Table="[TransactionOrders]" Alias="[tro]" Column="CreditorId" />
                                                                                              </DefinedValue>
                                                                                            </DefinedValues>
                                                                                            <Object Database="[FastPayment_Root]" Schema="[dbo]" Table="[TransactionOrders]" Index="[PK_TransactionOrders]" Alias="[tro]" TableReferenceId="-1" IndexKind="Clustered" Storage="RowStore" />
                                                                                            <SeekPredicates>
                                                                                              <SeekPredicateNew>
                                                                                                <SeekKeys>
                                                                                                  <Prefix ScanType="EQ">
                                                                                                    <RangeColumns>
                                                                                                      <ColumnReference Database="[FastPayment_Root]" Schema="[dbo]" Table="[TransactionOrders]" Alias="[tro]" Column="Id" />
                                                                                                    </RangeColumns>
                                                                                                    <RangeExpressions>
                                                                                                      <ScalarOperator ScalarString="[FastPayment_Root].[dbo].[TransactionOrders].[Id] as [tro].[Id]">
                                                                                                        <Identifier>
                                                                                                          <ColumnReference Database="[FastPayment_Root]" Schema="[dbo]" Table="[TransactionOrders]" Alias="[tro]" Column="Id" />
                                                                                                        </Identifier>
                                                                                                      </ScalarOperator>
                                                                                                    </RangeExpressions>
                                                                                                  </Prefix>
                                                                                                </SeekKeys>
                                                                                              </SeekPredicateNew>
                                                                                            </SeekPredicates>
                                                                                          </IndexScan>
                                                                                        </RelOp>
                                                                                      </NestedLoops>
                                                                                    </RelOp>
                                                                                  </ComputeScalar>
                                                                                </RelOp>
                                                                              </Hash>
                                                                            </RelOp>
                                                                            <RelOp AvgRowSize="9" EstimateCPU="0.0001581" EstimateIO="0.003125" EstimateRebinds="40012.8" EstimateRewinds="0.00372427" EstimatedExecutionMode="Row" EstimateRows="1" LogicalOp="Index Seek" NodeId="59" Parallel="false" PhysicalOp="Index Seek" EstimatedTotalSubtreeCost="121.061" TableCardinality="277107000">
                                                                              <OutputList />
                                                                              <RunTimeInformation>
                                                                                <RunTimeCountersPerThread Thread="0" ActualRows="29052" ActualRowsRead="29052" Batches="0" ActualEndOfScans="30275" ActualExecutions="30275" ActualExecutionMode="Row" ActualElapsedms="228" ActualCPUms="212" ActualScans="30275" ActualLogicalReads="152290" ActualPhysicalReads="29" ActualReadAheads="0" ActualLobLogicalReads="0" ActualLobPhysicalReads="0" ActualLobReadAheads="0" />
                                                                              </RunTimeInformation>
                                                                              <IndexScan Ordered="true" ScanDirection="FORWARD" ForcedIndex="false" ForceSeek="false" ForceScan="false" NoExpandHint="false" Storage="RowStore">
                                                                                <DefinedValues />
                                                                                <Object Database="[FastPayment_Root]" Schema="[dbo]" Table="[TransactionParameters]" Index="[_dta_index_TransactionParameters_9_853578079__K4_K3_K1_2]" Alias="[debitor]" IndexKind="NonClustered" Storage="RowStore" />
                                                                                <SeekPredicates>
                                                                                  <SeekPredicateNew>
                                                                                    <SeekKeys>
                                                                                      <Prefix ScanType="EQ">
                                                                                        <RangeColumns>
                                                                                          <ColumnReference Database="[FastPayment_Root]" Schema="[dbo]" Table="[TransactionParameters]" Alias="[debitor]" Column="TypeId" />
                                                                                          <ColumnReference Database="[FastPayment_Root]" Schema="[dbo]" Table="[TransactionParameters]" Alias="[debitor]" Column="TransactionId" />
                                                                                        </RangeColumns>
                                                                                        <RangeExpressions>
                                                                                          <ScalarOperator ScalarString="{guid'D76D3399-A694-4087-BD59-610EBCB5BDC6'}">
                                                                                            <Const ConstValue="{guid'D76D3399-A694-4087-BD59-610EBCB5BDC6'}" />
                                                                                          </ScalarOperator>
                                                                                          <ScalarOperator ScalarString="[FastPayment_Root].[dbo].[Transactions].[Id] as [t].[Id]">
                                                                                            <Identifier>
                                                                                              <ColumnReference Database="[FastPayment_Root]" Schema="[dbo]" Table="[Transactions]" Alias="[t]" Column="Id" />
                                                                                            </Identifier>
                                                                                          </ScalarOperator>
                                                                                        </RangeExpressions>
                                                                                      </Prefix>
                                                                                    </SeekKeys>
                                                                                  </SeekPredicateNew>
                                                                                </SeekPredicates>
                                                                              </IndexScan>
                                                                            </RelOp>
                                                                          </NestedLoops>
                                                                        </RelOp>
                                                                      </Hash>
                                                                    </RelOp>
                                                                    <RelOp AvgRowSize="4035" EstimateCPU="0.0001581" EstimateIO="0.003125" EstimateRebinds="40044.7" EstimateRewinds="0.00452329" EstimatedExecutionMode="Row" EstimateRows="1" LogicalOp="Index Seek" NodeId="60" Parallel="false" PhysicalOp="Index Seek" EstimatedTotalSubtreeCost="51.6875" TableCardinality="277107000">
                                                                      <OutputList>
                                                                        <ColumnReference Database="[FastPayment_Root]" Schema="[dbo]" Table="[TransactionParameters]" Alias="[creditor]" Column="Value" />
                                                                      </OutputList>
                                                                      <RunTimeInformation>
                                                                        <RunTimeCountersPerThread Thread="0" ActualRows="1992" ActualRowsRead="1992" Batches="0" ActualEndOfScans="30275" ActualExecutions="30275" ActualExecutionMode="Row" ActualElapsedms="124" ActualCPUms="124" ActualScans="30275" ActualLogicalReads="151850" ActualPhysicalReads="0" ActualReadAheads="0" ActualLobLogicalReads="0" ActualLobPhysicalReads="0" ActualLobReadAheads="0" />
                                                                      </RunTimeInformation>
                                                                      <IndexScan Ordered="true" ScanDirection="FORWARD" ForcedIndex="false" ForceSeek="false" ForceScan="false" NoExpandHint="false" Storage="RowStore">
                                                                        <DefinedValues>
                                                                          <DefinedValue>
                                                                            <ColumnReference Database="[FastPayment_Root]" Schema="[dbo]" Table="[TransactionParameters]" Alias="[creditor]" Column="Value" />
                                                                          </DefinedValue>
                                                                        </DefinedValues>
                                                                        <Object Database="[FastPayment_Root]" Schema="[dbo]" Table="[TransactionParameters]" Index="[_dta_index_TransactionParameters_9_853578079__K4_K3_K1_2]" Alias="[creditor]" IndexKind="NonClustered" Storage="RowStore" />
                                                                        <SeekPredicates>
                                                                          <SeekPredicateNew>
                                                                            <SeekKeys>
                                                                              <Prefix ScanType="EQ">
                                                                                <RangeColumns>
                                                                                  <ColumnReference Database="[FastPayment_Root]" Schema="[dbo]" Table="[TransactionParameters]" Alias="[creditor]" Column="TypeId" />
                                                                                  <ColumnReference Database="[FastPayment_Root]" Schema="[dbo]" Table="[TransactionParameters]" Alias="[creditor]" Column="TransactionId" />
                                                                                </RangeColumns>
                                                                                <RangeExpressions>
                                                                                  <ScalarOperator ScalarString="{guid'C901A5E7-897C-48D9-BE88-03E7DACBAD87'}">
                                                                                    <Const ConstValue="{guid'C901A5E7-897C-48D9-BE88-03E7DACBAD87'}" />
                                                                                  </ScalarOperator>
                                                                                  <ScalarOperator ScalarString="[FastPayment_Root].[dbo].[Transactions].[Id] as [t].[Id]">
                                                                                    <Identifier>
                                                                                      <ColumnReference Database="[FastPayment_Root]" Schema="[dbo]" Table="[Transactions]" Alias="[t]" Column="Id" />
                                                                                    </Identifier>
                                                                                  </ScalarOperator>
                                                                                </RangeExpressions>
                                                                              </Prefix>
                                                                            </SeekKeys>
                                                                          </SeekPredicateNew>
                                                                        </SeekPredicates>
                                                                      </IndexScan>
                                                                    </RelOp>
                                                                  </NestedLoops>
                                                                </RelOp>
                                                                <RelOp AvgRowSize="79" EstimateCPU="0.0001581" EstimateIO="0.003125" EstimateRebinds="40045.5" EstimateRewinds="0.00454469" EstimatedExecutionMode="Row" EstimateRows="1" LogicalOp="Index Seek" NodeId="61" Parallel="false" PhysicalOp="Index Seek" EstimatedTotalSubtreeCost="48.2128" TableCardinality="277107000">
                                                                  <OutputList>
                                                                    <ColumnReference Database="[FastPayment_Root]" Schema="[dbo]" Table="[TransactionParameters]" Alias="[mcc]" Column="Value" />
                                                                  </OutputList>
                                                                  <RunTimeInformation>
                                                                    <RunTimeCountersPerThread Thread="0" ActualRows="1955" ActualRowsRead="1955" Batches="0" ActualEndOfScans="30275" ActualExecutions="30275" ActualExecutionMode="Row" ActualElapsedms="113" ActualCPUms="113" ActualScans="30275" ActualLogicalReads="151760" ActualPhysicalReads="0" ActualReadAheads="0" ActualLobLogicalReads="0" ActualLobPhysicalReads="0" ActualLobReadAheads="0" />
                                                                  </RunTimeInformation>
                                                                  <IndexScan Ordered="true" ScanDirection="FORWARD" ForcedIndex="false" ForceSeek="false" ForceScan="false" NoExpandHint="false" Storage="RowStore">
                                                                    <DefinedValues>
                                                                      <DefinedValue>
                                                                        <ColumnReference Database="[FastPayment_Root]" Schema="[dbo]" Table="[TransactionParameters]" Alias="[mcc]" Column="Value" />
                                                                      </DefinedValue>
                                                                    </DefinedValues>
                                                                    <Object Database="[FastPayment_Root]" Schema="[dbo]" Table="[TransactionParameters]" Index="[_dta_index_TransactionParameters_9_853578079__K4_K3_K1_2]" Alias="[mcc]" IndexKind="NonClustered" Storage="RowStore" />
                                                                    <SeekPredicates>
                                                                      <SeekPredicateNew>
                                                                        <SeekKeys>
                                                                          <Prefix ScanType="EQ">
                                                                            <RangeColumns>
                                                                              <ColumnReference Database="[FastPayment_Root]" Schema="[dbo]" Table="[TransactionParameters]" Alias="[mcc]" Column="TypeId" />
                                                                              <ColumnReference Database="[FastPayment_Root]" Schema="[dbo]" Table="[TransactionParameters]" Alias="[mcc]" Column="TransactionId" />
                                                                            </RangeColumns>
                                                                            <RangeExpressions>
                                                                              <ScalarOperator ScalarString="{guid'3E4D5401-E1DB-47D6-A3B9-192C9641767D'}">
                                                                                <Const ConstValue="{guid'3E4D5401-E1DB-47D6-A3B9-192C9641767D'}" />
                                                                              </ScalarOperator>
                                                                              <ScalarOperator ScalarString="[FastPayment_Root].[dbo].[Transactions].[Id] as [t].[Id]">
                                                                                <Identifier>
                                                                                  <ColumnReference Database="[FastPayment_Root]" Schema="[dbo]" Table="[Transactions]" Alias="[t]" Column="Id" />
                                                                                </Identifier>
                                                                              </ScalarOperator>
                                                                            </RangeExpressions>
                                                                          </Prefix>
                                                                        </SeekKeys>
                                                                      </SeekPredicateNew>
                                                                    </SeekPredicates>
                                                                  </IndexScan>
                                                                </RelOp>
                                                              </NestedLoops>
                                                            </RelOp>
                                                            <RelOp AvgRowSize="4035" EstimateCPU="0.0001581" EstimateIO="0.003125" EstimateRebinds="40046.7" EstimateRewinds="0.0045753" EstimatedExecutionMode="Row" EstimateRows="1" LogicalOp="Index Seek" NodeId="62" Parallel="false" PhysicalOp="Index Seek" EstimatedTotalSubtreeCost="32.3178" TableCardinality="277107000">
                                                              <OutputList>
                                                                <ColumnReference Database="[FastPayment_Root]" Schema="[dbo]" Table="[TransactionParameters]" Alias="[cms]" Column="Value" />
                                                              </OutputList>
                                                              <RunTimeInformation>
                                                                <RunTimeCountersPerThread Thread="0" ActualRows="898" ActualRowsRead="898" Batches="0" ActualEndOfScans="30276" ActualExecutions="30276" ActualExecutionMode="Row" ActualElapsedms="101" ActualCPUms="101" ActualScans="30276" ActualLogicalReads="151741" ActualPhysicalReads="0" ActualReadAheads="0" ActualLobLogicalReads="0" ActualLobPhysicalReads="0" ActualLobReadAheads="0" />
                                                              </RunTimeInformation>
                                                              <IndexScan Ordered="true" ScanDirection="FORWARD" ForcedIndex="false" ForceSeek="false" ForceScan="false" NoExpandHint="false" Storage="RowStore">
                                                                <DefinedValues>
                                                                  <DefinedValue>
                                                                    <ColumnReference Database="[FastPayment_Root]" Schema="[dbo]" Table="[TransactionParameters]" Alias="[cms]" Column="Value" />
                                                                  </DefinedValue>
                                                                </DefinedValues>
                                                                <Object Database="[FastPayment_Root]" Schema="[dbo]" Table="[TransactionParameters]" Index="[_dta_index_TransactionParameters_9_853578079__K4_K3_K1_2]" Alias="[cms]" IndexKind="NonClustered" Storage="RowStore" />
                                                                <SeekPredicates>
                                                                  <SeekPredicateNew>
                                                                    <SeekKeys>
                                                                      <Prefix ScanType="EQ">
                                                                        <RangeColumns>
                                                                          <ColumnReference Database="[FastPayment_Root]" Schema="[dbo]" Table="[TransactionParameters]" Alias="[cms]" Column="TypeId" />
                                                                          <ColumnReference Database="[FastPayment_Root]" Schema="[dbo]" Table="[TransactionParameters]" Alias="[cms]" Column="TransactionId" />
                                                                        </RangeColumns>
                                                                        <RangeExpressions>
                                                                          <ScalarOperator ScalarString="{guid'5BD1BDF5-E846-46E3-B2C6-DC8C64265B9C'}">
                                                                            <Const ConstValue="{guid'5BD1BDF5-E846-46E3-B2C6-DC8C64265B9C'}" />
                                                                          </ScalarOperator>
                                                                          <ScalarOperator ScalarString="[FastPayment_Root].[dbo].[Transactions].[Id] as [t].[Id]">
                                                                            <Identifier>
                                                                              <ColumnReference Database="[FastPayment_Root]" Schema="[dbo]" Table="[Transactions]" Alias="[t]" Column="Id" />
                                                                            </Identifier>
                                                                          </ScalarOperator>
                                                                        </RangeExpressions>
                                                                      </Prefix>
                                                                    </SeekKeys>
                                                                  </SeekPredicateNew>
                                                                </SeekPredicates>
                                                              </IndexScan>
                                                            </RelOp>
                                                          </NestedLoops>
                                                        </RelOp>
                                                      </ComputeScalar>
                                                    </RelOp>
                                                    <RelOp AvgRowSize="4035" EstimateCPU="0.0001581" EstimateIO="0.003125" EstimateRebinds="40047.2" EstimateRewinds="0.00458639" EstimatedExecutionMode="Row" EstimateRows="1" LogicalOp="Index Seek" NodeId="63" Parallel="false" PhysicalOp="Index Seek" EstimatedTotalSubtreeCost="7.8974" TableCardinality="277107000">
                                                      <OutputList>
                                                        <ColumnReference Database="[FastPayment_Root]" Schema="[dbo]" Table="[TransactionParameters]" Alias="[mbv]" Column="Value" />
                                                      </OutputList>
                                                      <RunTimeInformation>
                                                        <RunTimeCountersPerThread Thread="0" ActualRows="0" Batches="0" ActualEndOfScans="30276" ActualExecutions="30276" ActualExecutionMode="Row" ActualElapsedms="77" ActualCPUms="77" ActualScans="30276" ActualLogicalReads="151779" ActualPhysicalReads="0" ActualReadAheads="0" ActualLobLogicalReads="0" ActualLobPhysicalReads="0" ActualLobReadAheads="0" />
                                                      </RunTimeInformation>
                                                      <IndexScan Ordered="true" ScanDirection="FORWARD" ForcedIndex="false" ForceSeek="false" ForceScan="false" NoExpandHint="false" Storage="RowStore">
                                                        <DefinedValues>
                                                          <DefinedValue>
                                                            <ColumnReference Database="[FastPayment_Root]" Schema="[dbo]" Table="[TransactionParameters]" Alias="[mbv]" Column="Value" />
                                                          </DefinedValue>
                                                        </DefinedValues>
                                                        <Object Database="[FastPayment_Root]" Schema="[dbo]" Table="[TransactionParameters]" Index="[_dta_index_TransactionParameters_9_853578079__K4_K3_K1_2]" Alias="[mbv]" IndexKind="NonClustered" Storage="RowStore" />
                                                        <SeekPredicates>
                                                          <SeekPredicateNew>
                                                            <SeekKeys>
                                                              <Prefix ScanType="EQ">
                                                                <RangeColumns>
                                                                  <ColumnReference Database="[FastPayment_Root]" Schema="[dbo]" Table="[TransactionParameters]" Alias="[mbv]" Column="TypeId" />
                                                                  <ColumnReference Database="[FastPayment_Root]" Schema="[dbo]" Table="[TransactionParameters]" Alias="[mbv]" Column="TransactionId" />
                                                                </RangeColumns>
                                                                <RangeExpressions>
                                                                  <ScalarOperator ScalarString="{guid'7218C168-88BA-4C6D-970E-1588CCC379DA'}">
                                                                    <Const ConstValue="{guid'7218C168-88BA-4C6D-970E-1588CCC379DA'}" />
                                                                  </ScalarOperator>
                                                                  <ScalarOperator ScalarString="[FastPayment_Root].[dbo].[Transactions].[Id] as [t].[Id]">
                                                                    <Identifier>
                                                                      <ColumnReference Database="[FastPayment_Root]" Schema="[dbo]" Table="[Transactions]" Alias="[t]" Column="Id" />
                                                                    </Identifier>
                                                                  </ScalarOperator>
                                                                </RangeExpressions>
                                                              </Prefix>
                                                            </SeekKeys>
                                                          </SeekPredicateNew>
                                                        </SeekPredicates>
                                                      </IndexScan>
                                                    </RelOp>
                                                  </NestedLoops>
                                                </RelOp>
                                              </ComputeScalar>
                                            </RelOp>
                                            <RelOp AvgRowSize="4035" EstimateCPU="0.0001581" EstimateIO="0.003125" EstimateRebinds="40046.8" EstimateRewinds="0.00457773" EstimatedExecutionMode="Row" EstimateRows="1" LogicalOp="Index Seek" NodeId="64" Parallel="false" PhysicalOp="Index Seek" EstimatedTotalSubtreeCost="50.337" TableCardinality="277107000">
                                              <OutputList>
                                                <ColumnReference Database="[FastPayment_Root]" Schema="[dbo]" Table="[TransactionParameters]" Alias="[psbr]" Column="Value" />
                                              </OutputList>
                                              <RunTimeInformation>
                                                <RunTimeCountersPerThread Thread="0" ActualRows="1988" ActualRowsRead="1988" Batches="0" ActualEndOfScans="30276" ActualExecutions="30276" ActualExecutionMode="Row" ActualElapsedms="115" ActualCPUms="115" ActualScans="30276" ActualLogicalReads="151745" ActualPhysicalReads="0" ActualReadAheads="0" ActualLobLogicalReads="0" ActualLobPhysicalReads="0" ActualLobReadAheads="0" />
                                              </RunTimeInformation>
                                              <IndexScan Ordered="true" ScanDirection="FORWARD" ForcedIndex="false" ForceSeek="false" ForceScan="false" NoExpandHint="false" Storage="RowStore">
                                                <DefinedValues>
                                                  <DefinedValue>
                                                    <ColumnReference Database="[FastPayment_Root]" Schema="[dbo]" Table="[TransactionParameters]" Alias="[psbr]" Column="Value" />
                                                  </DefinedValue>
                                                </DefinedValues>
                                                <Object Database="[FastPayment_Root]" Schema="[dbo]" Table="[TransactionParameters]" Index="[_dta_index_TransactionParameters_9_853578079__K4_K3_K1_2]" Alias="[psbr]" IndexKind="NonClustered" Storage="RowStore" />
                                                <SeekPredicates>
                                                  <SeekPredicateNew>
                                                    <SeekKeys>
                                                      <Prefix ScanType="EQ">
                                                        <RangeColumns>
                                                          <ColumnReference Database="[FastPayment_Root]" Schema="[dbo]" Table="[TransactionParameters]" Alias="[psbr]" Column="TypeId" />
                                                          <ColumnReference Database="[FastPayment_Root]" Schema="[dbo]" Table="[TransactionParameters]" Alias="[psbr]" Column="TransactionId" />
                                                        </RangeColumns>
                                                        <RangeExpressions>
                                                          <ScalarOperator ScalarString="{guid'7D430D40-94A6-4F8E-A217-EF9A3D30FABC'}">
                                                            <Const ConstValue="{guid'7D430D40-94A6-4F8E-A217-EF9A3D30FABC'}" />
                                                          </ScalarOperator>
                                                          <ScalarOperator ScalarString="[FastPayment_Root].[dbo].[Transactions].[Id] as [t].[Id]">
                                                            <Identifier>
                                                              <ColumnReference Database="[FastPayment_Root]" Schema="[dbo]" Table="[Transactions]" Alias="[t]" Column="Id" />
                                                            </Identifier>
                                                          </ScalarOperator>
                                                        </RangeExpressions>
                                                      </Prefix>
                                                    </SeekKeys>
                                                  </SeekPredicateNew>
                                                </SeekPredicates>
                                              </IndexScan>
                                            </RelOp>
                                          </NestedLoops>
                                        </RelOp>
                                      </ComputeScalar>
                                    </RelOp>
                                    <RelOp AvgRowSize="4035" EstimateCPU="0.0001581" EstimateIO="0.003125" EstimateRebinds="40047.8" EstimateRewinds="0.00460194" EstimatedExecutionMode="Row" EstimateRows="1" LogicalOp="Index Seek" NodeId="65" Parallel="false" PhysicalOp="Index Seek" EstimatedTotalSubtreeCost="22.7352" TableCardinality="277107000">
                                      <OutputList>
                                        <ColumnReference Database="[FastPayment_Root]" Schema="[dbo]" Table="[TransactionParameters]" Alias="[refId]" Column="Value" />
                                      </OutputList>
                                      <RunTimeInformation>
                                        <RunTimeCountersPerThread Thread="0" ActualRows="187" ActualRowsRead="187" Batches="0" ActualEndOfScans="30276" ActualExecutions="30276" ActualExecutionMode="Row" ActualElapsedms="99" ActualCPUms="99" ActualScans="30276" ActualLogicalReads="151844" ActualPhysicalReads="0" ActualReadAheads="0" ActualLobLogicalReads="0" ActualLobPhysicalReads="0" ActualLobReadAheads="0" />
                                      </RunTimeInformation>
                                      <IndexScan Ordered="true" ScanDirection="FORWARD" ForcedIndex="false" ForceSeek="false" ForceScan="false" NoExpandHint="false" Storage="RowStore">
                                        <DefinedValues>
                                          <DefinedValue>
                                            <ColumnReference Database="[FastPayment_Root]" Schema="[dbo]" Table="[TransactionParameters]" Alias="[refId]" Column="Value" />
                                          </DefinedValue>
                                        </DefinedValues>
                                        <Object Database="[FastPayment_Root]" Schema="[dbo]" Table="[TransactionParameters]" Index="[_dta_index_TransactionParameters_9_853578079__K4_K3_K1_2]" Alias="[refId]" IndexKind="NonClustered" Storage="RowStore" />
                                        <SeekPredicates>
                                          <SeekPredicateNew>
                                            <SeekKeys>
                                              <Prefix ScanType="EQ">
                                                <RangeColumns>
                                                  <ColumnReference Database="[FastPayment_Root]" Schema="[dbo]" Table="[TransactionParameters]" Alias="[refId]" Column="TypeId" />
                                                  <ColumnReference Database="[FastPayment_Root]" Schema="[dbo]" Table="[TransactionParameters]" Alias="[refId]" Column="TransactionId" />
                                                </RangeColumns>
                                                <RangeExpressions>
                                                  <ScalarOperator ScalarString="{guid'449886BD-E5B0-462E-8936-1D2C5A1E2DAE'}">
                                                    <Const ConstValue="{guid'449886BD-E5B0-462E-8936-1D2C5A1E2DAE'}" />
                                                  </ScalarOperator>
                                                  <ScalarOperator ScalarString="[FastPayment_Root].[dbo].[Transactions].[Id] as [t].[Id]">
                                                    <Identifier>
                                                      <ColumnReference Database="[FastPayment_Root]" Schema="[dbo]" Table="[Transactions]" Alias="[t]" Column="Id" />
                                                    </Identifier>
                                                  </ScalarOperator>
                                                </RangeExpressions>
                                              </Prefix>
                                            </SeekKeys>
                                          </SeekPredicateNew>
                                        </SeekPredicates>
                                      </IndexScan>
                                    </RelOp>
                                  </NestedLoops>
                                </RelOp>
                              </Hash>
                            </RelOp>
                          </Hash>
                        </RelOp>
                      </Hash>
                    </RelOp>
                  </Hash>
                </RelOp>
              </ComputeScalar>
            </RelOp>
          </QueryPlan>
        </StmtSimple>
      </Statements>
    </Batch>
  </BatchSequence>
</ShowPlanXML>
